<?xml version="1.0" encoding="UTF-8" standalone="no"?>
<!DOCTYPE log SYSTEM "logger.dtd">
<log>
<record>
  <date>2023-12-12T04:48:35.793309600Z</date>
  <millis>1702356515793</millis>
  <nanos>309600</nanos>
  <sequence>0</sequence>
  <level>START</level>
  <class>com.kms.katalon.core.logging.XmlKeywordLogger</class>
  <method>startSuite</method>
  <thread>1</thread>
  <message>Start Test Suite : Test Suites/Regression</message>
  <nestedLevel>0</nestedLevel>
  <escapedJava>false</escapedJava>
  <property name="rerunTestFailImmediately">true</property>
  <property name="retryCount">3</property>
  <property name="name">Regression</property>
  <property name="description"></property>
  <property name="id">Test Suites/Regression</property>
</record>
<record>
  <date>2023-12-12T04:48:35.812275900Z</date>
  <millis>1702356515812</millis>
  <nanos>275900</nanos>
  <sequence>1</sequence>
  <level>RUN_DATA</level>
  <class>com.kms.katalon.core.logging.XmlKeywordLogger</class>
  <method>logMessage</method>
  <thread>1</thread>
  <message>hostName = hcuser - 192.168.239.132</message>
  <nestedLevel>0</nestedLevel>
  <escapedJava>false</escapedJava>
  <property name="hostName">hcuser - 192.168.239.132</property>
</record>
<record>
  <date>2023-12-12T04:48:35.815254100Z</date>
  <millis>1702356515815</millis>
  <nanos>254100</nanos>
  <sequence>2</sequence>
  <level>RUN_DATA</level>
  <class>com.kms.katalon.core.logging.XmlKeywordLogger</class>
  <method>logMessage</method>
  <thread>1</thread>
  <message>os = Windows 10 64bit</message>
  <nestedLevel>0</nestedLevel>
  <escapedJava>false</escapedJava>
  <property name="os">Windows 10 64bit</property>
</record>
<record>
  <date>2023-12-12T04:48:35.817294300Z</date>
  <millis>1702356515817</millis>
  <nanos>294300</nanos>
  <sequence>3</sequence>
  <level>RUN_DATA</level>
  <class>com.kms.katalon.core.logging.XmlKeywordLogger</class>
  <method>logMessage</method>
  <thread>1</thread>
  <message>hostAddress = 192.168.239.132</message>
  <nestedLevel>0</nestedLevel>
  <escapedJava>false</escapedJava>
  <property name="hostAddress">192.168.239.132</property>
</record>
<record>
  <date>2023-12-12T04:48:35.819263200Z</date>
  <millis>1702356515819</millis>
  <nanos>263200</nanos>
  <sequence>4</sequence>
  <level>RUN_DATA</level>
  <class>com.kms.katalon.core.logging.XmlKeywordLogger</class>
  <method>logMessage</method>
  <thread>1</thread>
  <message>katalonVersion = 9.0.0.212</message>
  <nestedLevel>0</nestedLevel>
  <escapedJava>false</escapedJava>
  <property name="katalonVersion">9.0.0.212</property>
</record>
<record>
  <date>2023-12-12T04:48:35.926273Z</date>
  <millis>1702356515926</millis>
  <nanos>273000</nanos>
  <sequence>5</sequence>
  <level>INFO</level>
  <class>com.kms.katalon.core.logging.XmlKeywordLogger</class>
  <method>logMessage</method>
  <thread>1</thread>
  <message>Microsoft Teams Incoming Webhook is empty.</message>
  <nestedLevel>0</nestedLevel>
  <escapedJava>false</escapedJava>
</record>
<record>
  <date>2023-12-12T04:48:36.279291200Z</date>
  <millis>1702356516279</millis>
  <nanos>291200</nanos>
  <sequence>6</sequence>
  <level>START</level>
  <class>com.kms.katalon.core.logging.XmlKeywordLogger</class>
  <method>startTest</method>
  <thread>1</thread>
  <message>Start Test Case : Test Cases/Forms Landing Page</message>
  <nestedLevel>1</nestedLevel>
  <escapedJava>false</escapedJava>
  <property name="remainingRetryCount">3</property>
  <property name="name">Test Cases/Forms Landing Page</property>
  <property name="description"></property>
  <property name="iteration"></property>
  <property name="id">Test Cases/Forms Landing Page</property>
  <property name="source">C:\Users\hcuser\git\IP629-Katalon-regression\Test Cases\Forms Landing Page.tc</property>
  <property name="tag"></property>
  <property name="isOptional">false</property>
  <property name="currentRetryCount">0</property>
</record>
<record>
  <date>2023-12-12T04:48:36.834245900Z</date>
  <millis>1702356516834</millis>
  <nanos>245900</nanos>
  <sequence>8</sequence>
  <level>START</level>
  <class>com.kms.katalon.core.logging.XmlKeywordLogger</class>
  <method>startKeyword</method>
  <thread>1</thread>
  <message>Start action : openBrowser(&amp;quot;&amp;quot;)</message>
  <nestedLevel>1</nestedLevel>
  <escapedJava>false</escapedJava>
  <property name="startLine">20</property>
  <property name="stepIndex">1</property>
</record>
<record>
  <date>2023-12-12T04:48:37.189403500Z</date>
  <millis>1702356517189</millis>
  <nanos>403500</nanos>
  <sequence>10</sequence>
  <level>INFO</level>
  <class>com.kms.katalon.core.logging.XmlKeywordLogger</class>
  <method>logMessage</method>
  <thread>1</thread>
  <message>Starting &amp;apos;Chrome&amp;apos; driver</message>
  <nestedLevel>1</nestedLevel>
  <escapedJava>false</escapedJava>
</record>
<record>
  <date>2023-12-12T04:48:37.271392700Z</date>
  <millis>1702356517271</millis>
  <nanos>392700</nanos>
  <sequence>12</sequence>
  <level>INFO</level>
  <class>com.kms.katalon.core.logging.XmlKeywordLogger</class>
  <method>logMessage</method>
  <thread>1</thread>
  <message>Action delay is set to 0 milliseconds</message>
  <nestedLevel>1</nestedLevel>
  <escapedJava>false</escapedJava>
</record>
<record>
  <date>2023-12-12T04:48:39.888533100Z</date>
  <millis>1702356519888</millis>
  <nanos>533100</nanos>
  <sequence>14</sequence>
  <level>RUN_DATA</level>
  <class>com.kms.katalon.core.logging.XmlKeywordLogger</class>
  <method>logMessage</method>
  <thread>1</thread>
  <message>sessionId = c1dc18889aae8ef4830c1c5e7bc296c0</message>
  <nestedLevel>1</nestedLevel>
  <escapedJava>false</escapedJava>
  <property name="sessionId">c1dc18889aae8ef4830c1c5e7bc296c0</property>
</record>
<record>
  <date>2023-12-12T04:48:39.923514200Z</date>
  <millis>1702356519923</millis>
  <nanos>514200</nanos>
  <sequence>15</sequence>
  <level>RUN_DATA</level>
  <class>com.kms.katalon.core.logging.XmlKeywordLogger</class>
  <method>logMessage</method>
  <thread>1</thread>
  <message>browser = Chrome 120.0.0.0</message>
  <nestedLevel>1</nestedLevel>
  <escapedJava>false</escapedJava>
  <property name="browser">Chrome 120.0.0.0</property>
</record>
<record>
  <date>2023-12-12T04:48:39.924589600Z</date>
  <millis>1702356519924</millis>
  <nanos>589600</nanos>
  <sequence>16</sequence>
  <level>RUN_DATA</level>
  <class>com.kms.katalon.core.logging.XmlKeywordLogger</class>
  <method>logMessage</method>
  <thread>1</thread>
  <message>platform = Windows 10</message>
  <nestedLevel>1</nestedLevel>
  <escapedJava>false</escapedJava>
  <property name="platform">Windows 10</property>
</record>
<record>
  <date>2023-12-12T04:48:39.925539800Z</date>
  <millis>1702356519925</millis>
  <nanos>539800</nanos>
  <sequence>17</sequence>
  <level>RUN_DATA</level>
  <class>com.kms.katalon.core.logging.XmlKeywordLogger</class>
  <method>logMessage</method>
  <thread>1</thread>
  <message>seleniumVersion = 3.141.59</message>
  <nestedLevel>1</nestedLevel>
  <escapedJava>false</escapedJava>
  <property name="seleniumVersion">3.141.59</property>
</record>
<record>
  <date>2023-12-12T04:48:39.925539800Z</date>
  <millis>1702356519925</millis>
  <nanos>539800</nanos>
  <sequence>18</sequence>
  <level>RUN_DATA</level>
  <class>com.kms.katalon.core.logging.XmlKeywordLogger</class>
  <method>logMessage</method>
  <thread>1</thread>
  <message>proxyInformation = ProxyInformation { proxyOption=NO_PROXY, proxyServerType=HTTP, username=, password=********, proxyServerAddress=, proxyServerPort=0, executionList=&amp;quot;&amp;quot;, isApplyToDesiredCapabilities=true }</message>
  <nestedLevel>1</nestedLevel>
  <escapedJava>false</escapedJava>
  <property name="proxyInformation">ProxyInformation { proxyOption=NO_PROXY, proxyServerType=HTTP, username=, password=********, proxyServerAddress=, proxyServerPort=0, executionList=&quot;&quot;, isApplyToDesiredCapabilities=true }</property>
</record>
<record>
  <date>2023-12-12T04:48:39.938735Z</date>
  <millis>1702356519938</millis>
  <nanos>735000</nanos>
  <sequence>19</sequence>
  <level>PASSED</level>
  <class>com.kms.katalon.core.logging.XmlKeywordLogger</class>
  <method>logMessage</method>
  <thread>1</thread>
  <message>Browser is opened with url: &amp;apos;&amp;apos;</message>
  <nestedLevel>1</nestedLevel>
  <escapedJava>false</escapedJava>
  <property name="testops-method-name">com.kms.katalon.core.webui.keyword.builtin.OpenBrowserKeyword.openBrowser</property>
  <property name="testops-execution-stacktrace"></property>
</record>
<record>
  <date>2023-12-12T04:48:39.938735Z</date>
  <millis>1702356519938</millis>
  <nanos>735000</nanos>
  <sequence>20</sequence>
  <level>END</level>
  <class>com.kms.katalon.core.logging.XmlKeywordLogger</class>
  <method>endKeyword</method>
  <thread>1</thread>
  <message>End action : openBrowser(&amp;quot;&amp;quot;)</message>
  <nestedLevel>1</nestedLevel>
  <escapedJava>false</escapedJava>
</record>
<record>
  <date>2023-12-12T04:48:39.941380200Z</date>
  <millis>1702356519941</millis>
  <nanos>380200</nanos>
  <sequence>21</sequence>
  <level>START</level>
  <class>com.kms.katalon.core.logging.XmlKeywordLogger</class>
  <method>startKeyword</method>
  <thread>1</thread>
  <message>Start action : navigateToUrl(&amp;quot;https://was-dtb-dpddmd-eprs-qa.azurewebsites.net/forms&amp;quot;)</message>
  <nestedLevel>1</nestedLevel>
  <escapedJava>false</escapedJava>
  <property name="startLine">22</property>
  <property name="stepIndex">2</property>
</record>
<record>
  <date>2023-12-12T04:48:42.054190200Z</date>
  <millis>1702356522054</millis>
  <nanos>190200</nanos>
  <sequence>24</sequence>
  <level>PASSED</level>
  <class>com.kms.katalon.core.logging.XmlKeywordLogger</class>
  <method>logMessage</method>
  <thread>1</thread>
  <message>Navigate to &amp;apos;https://was-dtb-dpddmd-eprs-qa.azurewebsites.net/forms&amp;apos; successfully</message>
  <nestedLevel>1</nestedLevel>
  <escapedJava>false</escapedJava>
  <property name="testops-method-name">com.kms.katalon.core.webui.keyword.builtin.NavigateToUrlKeyword.navigateToUrl</property>
  <property name="testops-execution-stacktrace"></property>
</record>
<record>
  <date>2023-12-12T04:48:42.064171600Z</date>
  <millis>1702356522064</millis>
  <nanos>171600</nanos>
  <sequence>25</sequence>
  <level>END</level>
  <class>com.kms.katalon.core.logging.XmlKeywordLogger</class>
  <method>endKeyword</method>
  <thread>1</thread>
  <message>End action : navigateToUrl(&amp;quot;https://was-dtb-dpddmd-eprs-qa.azurewebsites.net/forms&amp;quot;)</message>
  <nestedLevel>1</nestedLevel>
  <escapedJava>false</escapedJava>
</record>
<record>
  <date>2023-12-12T04:48:42.065205600Z</date>
  <millis>1702356522065</millis>
  <nanos>205600</nanos>
  <sequence>26</sequence>
  <level>START</level>
  <class>com.kms.katalon.core.logging.XmlKeywordLogger</class>
  <method>startKeyword</method>
  <thread>1</thread>
  <message>Start action : verifyElementText(findTestObject(&amp;quot;Object Repository/Forms Landing Page/Page_Forms for registrants and applicants -_29e31d/h1_Forms for registrants and applicants&amp;quot;), &amp;quot;Forms for registrants and applicants&amp;quot;)</message>
  <nestedLevel>1</nestedLevel>
  <escapedJava>false</escapedJava>
  <property name="startLine">24</property>
  <property name="stepIndex">3</property>
</record>
<record>
  <date>2023-12-12T04:48:42.079518800Z</date>
  <millis>1702356522079</millis>
  <nanos>518800</nanos>
  <sequence>27</sequence>
  <level>NOT_RUN</level>
  <class>com.kms.katalon.core.logging.XmlKeywordLogger</class>
  <method>logMessage</method>
  <thread>1</thread>
  <message>NOT_RUN: verifyElementText(findTestObject(&amp;quot;Object Repository/Forms Landing Page/Page_Forms for registrants and applicants -_29e31d/h1_Forms for registrants and applicants&amp;quot;), &amp;quot;Forms for registrants and applicants&amp;quot;)</message>
  <nestedLevel>1</nestedLevel>
  <escapedJava>false</escapedJava>
</record>
<record>
  <date>2023-12-12T04:48:42.082177500Z</date>
  <millis>1702356522082</millis>
  <nanos>177500</nanos>
  <sequence>28</sequence>
  <level>END</level>
  <class>com.kms.katalon.core.logging.XmlKeywordLogger</class>
  <method>endKeyword</method>
  <thread>1</thread>
  <message>End action : verifyElementText(findTestObject(&amp;quot;Object Repository/Forms Landing Page/Page_Forms for registrants and applicants -_29e31d/h1_Forms for registrants and applicants&amp;quot;), &amp;quot;Forms for registrants and applicants&amp;quot;)</message>
  <nestedLevel>1</nestedLevel>
  <escapedJava>false</escapedJava>
</record>
<record>
  <date>2023-12-12T04:48:42.083093800Z</date>
  <millis>1702356522083</millis>
  <nanos>93800</nanos>
  <sequence>29</sequence>
  <level>START</level>
  <class>com.kms.katalon.core.logging.XmlKeywordLogger</class>
  <method>startKeyword</method>
  <thread>1</thread>
  <message>Start action : verifyElementText(findTestObject(&amp;quot;Object Repository/Forms Landing Page/Page_Forms for registrants and applicants -_29e31d/h2_Instructions for requesting PDF forms&amp;quot;), &amp;quot;Instructions for requesting PDF forms&amp;quot;)</message>
  <nestedLevel>1</nestedLevel>
  <escapedJava>false</escapedJava>
  <property name="startLine">27</property>
  <property name="stepIndex">4</property>
</record>
<record>
  <date>2023-12-12T04:48:43.379418800Z</date>
  <millis>1702356523379</millis>
  <nanos>418800</nanos>
  <sequence>37</sequence>
  <level>PASSED</level>
  <class>com.kms.katalon.core.logging.XmlKeywordLogger</class>
  <method>logMessage</method>
  <thread>1</thread>
  <message>Actual text and expected text of test object &amp;apos;Object Repository/Forms Landing Page/Page_Forms for registrants and applicants -_29e31d/h2_Instructions for requesting PDF forms&amp;apos; are matched.</message>
  <nestedLevel>1</nestedLevel>
  <escapedJava>false</escapedJava>
  <property name="testops-is-assertion">true</property>
  <property name="testops-method-name">com.kms.katalon.core.webui.keyword.builtin.VerifyElementTextKeyword.verifyElementText</property>
  <property name="testops-execution-stacktrace"></property>
</record>
<record>
  <date>2023-12-12T04:48:43.381449800Z</date>
  <millis>1702356523381</millis>
  <nanos>449800</nanos>
  <sequence>38</sequence>
  <level>END</level>
  <class>com.kms.katalon.core.logging.XmlKeywordLogger</class>
  <method>endKeyword</method>
  <thread>1</thread>
  <message>End action : verifyElementText(findTestObject(&amp;quot;Object Repository/Forms Landing Page/Page_Forms for registrants and applicants -_29e31d/h2_Instructions for requesting PDF forms&amp;quot;), &amp;quot;Instructions for requesting PDF forms&amp;quot;)</message>
  <nestedLevel>1</nestedLevel>
  <escapedJava>false</escapedJava>
</record>
<record>
  <date>2023-12-12T04:48:43.381449800Z</date>
  <millis>1702356523381</millis>
  <nanos>449800</nanos>
  <sequence>39</sequence>
  <level>START</level>
  <class>com.kms.katalon.core.logging.XmlKeywordLogger</class>
  <method>startKeyword</method>
  <thread>1</thread>
  <message>Start action : click(findTestObject(&amp;quot;Object Repository/Forms Landing Page/Page_Forms for registrants and applicants -_29e31d/summary_Instructions for requesting PDF forms&amp;quot;))</message>
  <nestedLevel>1</nestedLevel>
  <escapedJava>false</escapedJava>
  <property name="startLine">30</property>
  <property name="stepIndex">5</property>
</record>
<record>
  <date>2023-12-12T04:48:43.829328500Z</date>
  <millis>1702356523829</millis>
  <nanos>328500</nanos>
  <sequence>49</sequence>
  <level>PASSED</level>
  <class>com.kms.katalon.core.logging.XmlKeywordLogger</class>
  <method>logMessage</method>
  <thread>1</thread>
  <message>Object: &amp;apos;Object Repository/Forms Landing Page/Page_Forms for registrants and applicants -_29e31d/summary_Instructions for requesting PDF forms&amp;apos; is clicked on</message>
  <nestedLevel>1</nestedLevel>
  <escapedJava>false</escapedJava>
  <property name="testops-method-name">com.kms.katalon.core.webui.keyword.builtin.ClickKeyword.click</property>
  <property name="testops-execution-stacktrace"></property>
</record>
<record>
  <date>2023-12-12T04:48:43.831507400Z</date>
  <millis>1702356523831</millis>
  <nanos>507400</nanos>
  <sequence>50</sequence>
  <level>END</level>
  <class>com.kms.katalon.core.logging.XmlKeywordLogger</class>
  <method>endKeyword</method>
  <thread>1</thread>
  <message>End action : click(findTestObject(&amp;quot;Object Repository/Forms Landing Page/Page_Forms for registrants and applicants -_29e31d/summary_Instructions for requesting PDF forms&amp;quot;))</message>
  <nestedLevel>1</nestedLevel>
  <escapedJava>false</escapedJava>
</record>
<record>
  <date>2023-12-12T04:48:43.831507400Z</date>
  <millis>1702356523831</millis>
  <nanos>507400</nanos>
  <sequence>51</sequence>
  <level>START</level>
  <class>com.kms.katalon.core.logging.XmlKeywordLogger</class>
  <method>startKeyword</method>
  <thread>1</thread>
  <message>Start action : verifyElementText(findTestObject(&amp;quot;Object Repository/Forms Landing Page/Page_Forms for registrants and applicants -_29e31d/p_Forms in PDF format are available upon re_989b8d&amp;quot;), &amp;quot;Forms in PDF format are available upon request. Click on the form’s link from the table below to open an email addressed to pmra.docs.arla@hc-sc.gc.ca to submit your request. Ensure the text &amp;quot;Request for form [your form number]&amp;quot; is in the subject line of the email before sending.&amp;quot;)</message>
  <nestedLevel>1</nestedLevel>
  <escapedJava>false</escapedJava>
  <property name="startLine">32</property>
  <property name="stepIndex">6</property>
</record>
<record>
  <date>2023-12-12T04:48:44.276301600Z</date>
  <millis>1702356524276</millis>
  <nanos>301600</nanos>
  <sequence>59</sequence>
  <level>PASSED</level>
  <class>com.kms.katalon.core.logging.XmlKeywordLogger</class>
  <method>logMessage</method>
  <thread>1</thread>
  <message>Actual text and expected text of test object &amp;apos;Object Repository/Forms Landing Page/Page_Forms for registrants and applicants -_29e31d/p_Forms in PDF format are available upon re_989b8d&amp;apos; are matched.</message>
  <nestedLevel>1</nestedLevel>
  <escapedJava>false</escapedJava>
  <property name="testops-is-assertion">true</property>
  <property name="testops-method-name">com.kms.katalon.core.webui.keyword.builtin.VerifyElementTextKeyword.verifyElementText</property>
  <property name="testops-execution-stacktrace"></property>
</record>
<record>
  <date>2023-12-12T04:48:44.278445500Z</date>
  <millis>1702356524278</millis>
  <nanos>445500</nanos>
  <sequence>60</sequence>
  <level>END</level>
  <class>com.kms.katalon.core.logging.XmlKeywordLogger</class>
  <method>endKeyword</method>
  <thread>1</thread>
  <message>End action : verifyElementText(findTestObject(&amp;quot;Object Repository/Forms Landing Page/Page_Forms for registrants and applicants -_29e31d/p_Forms in PDF format are available upon re_989b8d&amp;quot;), &amp;quot;Forms in PDF format are available upon request. Click on the form’s link from the table below to open an email addressed to pmra.docs.arla@hc-sc.gc.ca to submit your request. Ensure the text &amp;quot;Request for form [your form number]&amp;quot; is in the subject line of the email before sending.&amp;quot;)</message>
  <nestedLevel>1</nestedLevel>
  <escapedJava>false</escapedJava>
</record>
<record>
  <date>2023-12-12T04:48:44.278445500Z</date>
  <millis>1702356524278</millis>
  <nanos>445500</nanos>
  <sequence>61</sequence>
  <level>START</level>
  <class>com.kms.katalon.core.logging.XmlKeywordLogger</class>
  <method>startKeyword</method>
  <thread>1</thread>
  <message>Start action : verifyElementClickable(findTestObject(&amp;quot;Object Repository/Forms Landing Page/Page_Forms for registrants and applicants -_29e31d/a_pmra.docs.arlahc-sc.gc.ca&amp;quot;))</message>
  <nestedLevel>1</nestedLevel>
  <escapedJava>false</escapedJava>
  <property name="startLine">35</property>
  <property name="stepIndex">7</property>
</record>
<record>
  <date>2023-12-12T04:48:44.621434700Z</date>
  <millis>1702356524621</millis>
  <nanos>434700</nanos>
  <sequence>69</sequence>
  <level>PASSED</level>
  <class>com.kms.katalon.core.logging.XmlKeywordLogger</class>
  <method>logMessage</method>
  <thread>1</thread>
  <message>Object &amp;apos;Object Repository/Forms Landing Page/Page_Forms for registrants and applicants -_29e31d/a_pmra.docs.arlahc-sc.gc.ca&amp;apos; is clickable</message>
  <nestedLevel>1</nestedLevel>
  <escapedJava>false</escapedJava>
  <property name="testops-is-assertion">true</property>
  <property name="testops-method-name">com.kms.katalon.core.webui.keyword.builtin.VerifyElementClickableKeyword.verifyElementClickable</property>
  <property name="testops-execution-stacktrace"></property>
</record>
<record>
  <date>2023-12-12T04:48:44.622570800Z</date>
  <millis>1702356524622</millis>
  <nanos>570800</nanos>
  <sequence>70</sequence>
  <level>END</level>
  <class>com.kms.katalon.core.logging.XmlKeywordLogger</class>
  <method>endKeyword</method>
  <thread>1</thread>
  <message>End action : verifyElementClickable(findTestObject(&amp;quot;Object Repository/Forms Landing Page/Page_Forms for registrants and applicants -_29e31d/a_pmra.docs.arlahc-sc.gc.ca&amp;quot;))</message>
  <nestedLevel>1</nestedLevel>
  <escapedJava>false</escapedJava>
</record>
<record>
  <date>2023-12-12T04:48:44.622570800Z</date>
  <millis>1702356524622</millis>
  <nanos>570800</nanos>
  <sequence>71</sequence>
  <level>START</level>
  <class>com.kms.katalon.core.logging.XmlKeywordLogger</class>
  <method>startKeyword</method>
  <thread>1</thread>
  <message>Start action : verifyElementText(findTestObject(&amp;quot;Object Repository/Forms Landing Page/Page_Forms for registrants and applicants -_29e31d/p_Once received by the Pest Management Regu_d1194b&amp;quot;), &amp;quot;Once received by the Pest Management Regulatory Agency (PMRA), an email with the requested PDF form will be sent back to your email address.&amp;quot;)</message>
  <nestedLevel>1</nestedLevel>
  <escapedJava>false</escapedJava>
  <property name="startLine">37</property>
  <property name="stepIndex">8</property>
</record>
<record>
  <date>2023-12-12T04:48:44.980410600Z</date>
  <millis>1702356524980</millis>
  <nanos>410600</nanos>
  <sequence>79</sequence>
  <level>PASSED</level>
  <class>com.kms.katalon.core.logging.XmlKeywordLogger</class>
  <method>logMessage</method>
  <thread>1</thread>
  <message>Actual text and expected text of test object &amp;apos;Object Repository/Forms Landing Page/Page_Forms for registrants and applicants -_29e31d/p_Once received by the Pest Management Regu_d1194b&amp;apos; are matched.</message>
  <nestedLevel>1</nestedLevel>
  <escapedJava>false</escapedJava>
  <property name="testops-is-assertion">true</property>
  <property name="testops-method-name">com.kms.katalon.core.webui.keyword.builtin.VerifyElementTextKeyword.verifyElementText</property>
  <property name="testops-execution-stacktrace"></property>
</record>
<record>
  <date>2023-12-12T04:48:44.981523100Z</date>
  <millis>1702356524981</millis>
  <nanos>523100</nanos>
  <sequence>80</sequence>
  <level>END</level>
  <class>com.kms.katalon.core.logging.XmlKeywordLogger</class>
  <method>endKeyword</method>
  <thread>1</thread>
  <message>End action : verifyElementText(findTestObject(&amp;quot;Object Repository/Forms Landing Page/Page_Forms for registrants and applicants -_29e31d/p_Once received by the Pest Management Regu_d1194b&amp;quot;), &amp;quot;Once received by the Pest Management Regulatory Agency (PMRA), an email with the requested PDF form will be sent back to your email address.&amp;quot;)</message>
  <nestedLevel>1</nestedLevel>
  <escapedJava>false</escapedJava>
</record>
<record>
  <date>2023-12-12T04:48:44.984633300Z</date>
  <millis>1702356524984</millis>
  <nanos>633300</nanos>
  <sequence>81</sequence>
  <level>START</level>
  <class>com.kms.katalon.core.logging.XmlKeywordLogger</class>
  <method>startKeyword</method>
  <thread>1</thread>
  <message>Start action : verifyElementText(findTestObject(&amp;quot;Object Repository/Forms Landing Page/Page_Forms for registrants and applicants -_29e31d/p_Please note, all responses are provided d_07a4da&amp;quot;), &amp;quot;Please note, all responses are provided during hours of operation, Monday to Friday, only.&amp;quot;)</message>
  <nestedLevel>1</nestedLevel>
  <escapedJava>false</escapedJava>
  <property name="startLine">40</property>
  <property name="stepIndex">9</property>
</record>
<record>
  <date>2023-12-12T04:48:45.340462800Z</date>
  <millis>1702356525340</millis>
  <nanos>462800</nanos>
  <sequence>89</sequence>
  <level>PASSED</level>
  <class>com.kms.katalon.core.logging.XmlKeywordLogger</class>
  <method>logMessage</method>
  <thread>1</thread>
  <message>Actual text and expected text of test object &amp;apos;Object Repository/Forms Landing Page/Page_Forms for registrants and applicants -_29e31d/p_Please note, all responses are provided d_07a4da&amp;apos; are matched.</message>
  <nestedLevel>1</nestedLevel>
  <escapedJava>false</escapedJava>
  <property name="testops-is-assertion">true</property>
  <property name="testops-method-name">com.kms.katalon.core.webui.keyword.builtin.VerifyElementTextKeyword.verifyElementText</property>
  <property name="testops-execution-stacktrace"></property>
</record>
<record>
  <date>2023-12-12T04:48:45.342204Z</date>
  <millis>1702356525342</millis>
  <nanos>204000</nanos>
  <sequence>90</sequence>
  <level>END</level>
  <class>com.kms.katalon.core.logging.XmlKeywordLogger</class>
  <method>endKeyword</method>
  <thread>1</thread>
  <message>End action : verifyElementText(findTestObject(&amp;quot;Object Repository/Forms Landing Page/Page_Forms for registrants and applicants -_29e31d/p_Please note, all responses are provided d_07a4da&amp;quot;), &amp;quot;Please note, all responses are provided during hours of operation, Monday to Friday, only.&amp;quot;)</message>
  <nestedLevel>1</nestedLevel>
  <escapedJava>false</escapedJava>
</record>
<record>
  <date>2023-12-12T04:48:45.343403400Z</date>
  <millis>1702356525343</millis>
  <nanos>403400</nanos>
  <sequence>91</sequence>
  <level>START</level>
  <class>com.kms.katalon.core.logging.XmlKeywordLogger</class>
  <method>startKeyword</method>
  <thread>1</thread>
  <message>Start action : verifyElementText(findTestObject(&amp;quot;Object Repository/Forms Landing Page/Page_Forms for registrants and applicants -_29e31d/caption_Available forms&amp;quot;), &amp;quot;Available forms&amp;quot;)</message>
  <nestedLevel>1</nestedLevel>
  <escapedJava>false</escapedJava>
  <property name="startLine">43</property>
  <property name="stepIndex">10</property>
</record>
<record>
  <date>2023-12-12T04:48:45.681145800Z</date>
  <millis>1702356525681</millis>
  <nanos>145800</nanos>
  <sequence>99</sequence>
  <level>PASSED</level>
  <class>com.kms.katalon.core.logging.XmlKeywordLogger</class>
  <method>logMessage</method>
  <thread>1</thread>
  <message>Actual text and expected text of test object &amp;apos;Object Repository/Forms Landing Page/Page_Forms for registrants and applicants -_29e31d/caption_Available forms&amp;apos; are matched.</message>
  <nestedLevel>1</nestedLevel>
  <escapedJava>false</escapedJava>
  <property name="testops-is-assertion">true</property>
  <property name="testops-method-name">com.kms.katalon.core.webui.keyword.builtin.VerifyElementTextKeyword.verifyElementText</property>
  <property name="testops-execution-stacktrace"></property>
</record>
<record>
  <date>2023-12-12T04:48:45.684175Z</date>
  <millis>1702356525684</millis>
  <nanos>175000</nanos>
  <sequence>100</sequence>
  <level>END</level>
  <class>com.kms.katalon.core.logging.XmlKeywordLogger</class>
  <method>endKeyword</method>
  <thread>1</thread>
  <message>End action : verifyElementText(findTestObject(&amp;quot;Object Repository/Forms Landing Page/Page_Forms for registrants and applicants -_29e31d/caption_Available forms&amp;quot;), &amp;quot;Available forms&amp;quot;)</message>
  <nestedLevel>1</nestedLevel>
  <escapedJava>false</escapedJava>
</record>
<record>
  <date>2023-12-12T04:48:45.684175Z</date>
  <millis>1702356525684</millis>
  <nanos>175000</nanos>
  <sequence>101</sequence>
  <level>START</level>
  <class>com.kms.katalon.core.logging.XmlKeywordLogger</class>
  <method>startKeyword</method>
  <thread>1</thread>
  <message>Start action : verifyElementText(findTestObject(&amp;quot;Object Repository/Forms Landing Page/Page_Forms for registrants and applicants -_29e31d/th_Form number&amp;quot;), &amp;quot;Form number&amp;quot;)</message>
  <nestedLevel>1</nestedLevel>
  <escapedJava>false</escapedJava>
  <property name="startLine">46</property>
  <property name="stepIndex">11</property>
</record>
<record>
  <date>2023-12-12T04:48:45.685180800Z</date>
  <millis>1702356525685</millis>
  <nanos>180800</nanos>
  <sequence>102</sequence>
  <level>NOT_RUN</level>
  <class>com.kms.katalon.core.logging.XmlKeywordLogger</class>
  <method>logMessage</method>
  <thread>1</thread>
  <message>NOT_RUN: verifyElementText(findTestObject(&amp;quot;Object Repository/Forms Landing Page/Page_Forms for registrants and applicants -_29e31d/th_Form number&amp;quot;), &amp;quot;Form number&amp;quot;)</message>
  <nestedLevel>1</nestedLevel>
  <escapedJava>false</escapedJava>
</record>
<record>
  <date>2023-12-12T04:48:45.686233600Z</date>
  <millis>1702356525686</millis>
  <nanos>233600</nanos>
  <sequence>103</sequence>
  <level>END</level>
  <class>com.kms.katalon.core.logging.XmlKeywordLogger</class>
  <method>endKeyword</method>
  <thread>1</thread>
  <message>End action : verifyElementText(findTestObject(&amp;quot;Object Repository/Forms Landing Page/Page_Forms for registrants and applicants -_29e31d/th_Form number&amp;quot;), &amp;quot;Form number&amp;quot;)</message>
  <nestedLevel>1</nestedLevel>
  <escapedJava>false</escapedJava>
</record>
<record>
  <date>2023-12-12T04:48:45.686233600Z</date>
  <millis>1702356525686</millis>
  <nanos>233600</nanos>
  <sequence>104</sequence>
  <level>START</level>
  <class>com.kms.katalon.core.logging.XmlKeywordLogger</class>
  <method>startKeyword</method>
  <thread>1</thread>
  <message>Start action : verifyElementText(findTestObject(&amp;quot;Object Repository/Forms Landing Page/Page_Forms for registrants and applicants -_29e31d/th_Format&amp;quot;), &amp;quot;Format&amp;quot;)</message>
  <nestedLevel>1</nestedLevel>
  <escapedJava>false</escapedJava>
  <property name="startLine">49</property>
  <property name="stepIndex">12</property>
</record>
<record>
  <date>2023-12-12T04:48:45.687246200Z</date>
  <millis>1702356525687</millis>
  <nanos>246200</nanos>
  <sequence>105</sequence>
  <level>NOT_RUN</level>
  <class>com.kms.katalon.core.logging.XmlKeywordLogger</class>
  <method>logMessage</method>
  <thread>1</thread>
  <message>NOT_RUN: verifyElementText(findTestObject(&amp;quot;Object Repository/Forms Landing Page/Page_Forms for registrants and applicants -_29e31d/th_Format&amp;quot;), &amp;quot;Format&amp;quot;)</message>
  <nestedLevel>1</nestedLevel>
  <escapedJava>false</escapedJava>
</record>
<record>
  <date>2023-12-12T04:48:45.688232800Z</date>
  <millis>1702356525688</millis>
  <nanos>232800</nanos>
  <sequence>106</sequence>
  <level>END</level>
  <class>com.kms.katalon.core.logging.XmlKeywordLogger</class>
  <method>endKeyword</method>
  <thread>1</thread>
  <message>End action : verifyElementText(findTestObject(&amp;quot;Object Repository/Forms Landing Page/Page_Forms for registrants and applicants -_29e31d/th_Format&amp;quot;), &amp;quot;Format&amp;quot;)</message>
  <nestedLevel>1</nestedLevel>
  <escapedJava>false</escapedJava>
</record>
<record>
  <date>2023-12-12T04:48:45.689232100Z</date>
  <millis>1702356525689</millis>
  <nanos>232100</nanos>
  <sequence>107</sequence>
  <level>START</level>
  <class>com.kms.katalon.core.logging.XmlKeywordLogger</class>
  <method>startKeyword</method>
  <thread>1</thread>
  <message>Start action : verifyElementText(findTestObject(&amp;quot;Object Repository/Forms Landing Page/Page_Forms for registrants and applicants -_29e31d/th_Name&amp;quot;), &amp;quot;Name&amp;quot;)</message>
  <nestedLevel>1</nestedLevel>
  <escapedJava>false</escapedJava>
  <property name="startLine">52</property>
  <property name="stepIndex">13</property>
</record>
<record>
  <date>2023-12-12T04:48:45.690229300Z</date>
  <millis>1702356525690</millis>
  <nanos>229300</nanos>
  <sequence>108</sequence>
  <level>NOT_RUN</level>
  <class>com.kms.katalon.core.logging.XmlKeywordLogger</class>
  <method>logMessage</method>
  <thread>1</thread>
  <message>NOT_RUN: verifyElementText(findTestObject(&amp;quot;Object Repository/Forms Landing Page/Page_Forms for registrants and applicants -_29e31d/th_Name&amp;quot;), &amp;quot;Name&amp;quot;)</message>
  <nestedLevel>1</nestedLevel>
  <escapedJava>false</escapedJava>
</record>
<record>
  <date>2023-12-12T04:48:45.690229300Z</date>
  <millis>1702356525690</millis>
  <nanos>229300</nanos>
  <sequence>109</sequence>
  <level>END</level>
  <class>com.kms.katalon.core.logging.XmlKeywordLogger</class>
  <method>endKeyword</method>
  <thread>1</thread>
  <message>End action : verifyElementText(findTestObject(&amp;quot;Object Repository/Forms Landing Page/Page_Forms for registrants and applicants -_29e31d/th_Name&amp;quot;), &amp;quot;Name&amp;quot;)</message>
  <nestedLevel>1</nestedLevel>
  <escapedJava>false</escapedJava>
</record>
<record>
  <date>2023-12-12T04:48:45.691237100Z</date>
  <millis>1702356525691</millis>
  <nanos>237100</nanos>
  <sequence>110</sequence>
  <level>START</level>
  <class>com.kms.katalon.core.logging.XmlKeywordLogger</class>
  <method>startKeyword</method>
  <thread>1</thread>
  <message>Start action : verifyElementText(findTestObject(&amp;quot;Object Repository/Forms Landing Page/Page_Forms for registrants and applicants -_29e31d/th_Last Modified&amp;quot;), &amp;quot;Last Modified&amp;quot;)</message>
  <nestedLevel>1</nestedLevel>
  <escapedJava>false</escapedJava>
  <property name="startLine">55</property>
  <property name="stepIndex">14</property>
</record>
<record>
  <date>2023-12-12T04:48:45.691237100Z</date>
  <millis>1702356525691</millis>
  <nanos>237100</nanos>
  <sequence>111</sequence>
  <level>NOT_RUN</level>
  <class>com.kms.katalon.core.logging.XmlKeywordLogger</class>
  <method>logMessage</method>
  <thread>1</thread>
  <message>NOT_RUN: verifyElementText(findTestObject(&amp;quot;Object Repository/Forms Landing Page/Page_Forms for registrants and applicants -_29e31d/th_Last Modified&amp;quot;), &amp;quot;Last Modified&amp;quot;)</message>
  <nestedLevel>1</nestedLevel>
  <escapedJava>false</escapedJava>
</record>
<record>
  <date>2023-12-12T04:48:45.692223500Z</date>
  <millis>1702356525692</millis>
  <nanos>223500</nanos>
  <sequence>112</sequence>
  <level>END</level>
  <class>com.kms.katalon.core.logging.XmlKeywordLogger</class>
  <method>endKeyword</method>
  <thread>1</thread>
  <message>End action : verifyElementText(findTestObject(&amp;quot;Object Repository/Forms Landing Page/Page_Forms for registrants and applicants -_29e31d/th_Last Modified&amp;quot;), &amp;quot;Last Modified&amp;quot;)</message>
  <nestedLevel>1</nestedLevel>
  <escapedJava>false</escapedJava>
</record>
<record>
  <date>2023-12-12T04:48:45.692223500Z</date>
  <millis>1702356525692</millis>
  <nanos>223500</nanos>
  <sequence>113</sequence>
  <level>START</level>
  <class>com.kms.katalon.core.logging.XmlKeywordLogger</class>
  <method>startKeyword</method>
  <thread>1</thread>
  <message>Start action : verifyElementText(findTestObject(&amp;quot;Object Repository/Forms Landing Page/Page_Forms for registrants and applicants -_29e31d/h2_Support&amp;quot;), &amp;quot;Support&amp;quot;)</message>
  <nestedLevel>1</nestedLevel>
  <escapedJava>false</escapedJava>
  <property name="startLine">58</property>
  <property name="stepIndex">15</property>
</record>
<record>
  <date>2023-12-12T04:48:45.693266500Z</date>
  <millis>1702356525693</millis>
  <nanos>266500</nanos>
  <sequence>114</sequence>
  <level>NOT_RUN</level>
  <class>com.kms.katalon.core.logging.XmlKeywordLogger</class>
  <method>logMessage</method>
  <thread>1</thread>
  <message>NOT_RUN: verifyElementText(findTestObject(&amp;quot;Object Repository/Forms Landing Page/Page_Forms for registrants and applicants -_29e31d/h2_Support&amp;quot;), &amp;quot;Support&amp;quot;)</message>
  <nestedLevel>1</nestedLevel>
  <escapedJava>false</escapedJava>
</record>
<record>
  <date>2023-12-12T04:48:45.694572300Z</date>
  <millis>1702356525694</millis>
  <nanos>572300</nanos>
  <sequence>115</sequence>
  <level>END</level>
  <class>com.kms.katalon.core.logging.XmlKeywordLogger</class>
  <method>endKeyword</method>
  <thread>1</thread>
  <message>End action : verifyElementText(findTestObject(&amp;quot;Object Repository/Forms Landing Page/Page_Forms for registrants and applicants -_29e31d/h2_Support&amp;quot;), &amp;quot;Support&amp;quot;)</message>
  <nestedLevel>1</nestedLevel>
  <escapedJava>false</escapedJava>
</record>
<record>
  <date>2023-12-12T04:48:45.695524Z</date>
  <millis>1702356525695</millis>
  <nanos>524000</nanos>
  <sequence>116</sequence>
  <level>START</level>
  <class>com.kms.katalon.core.logging.XmlKeywordLogger</class>
  <method>startKeyword</method>
  <thread>1</thread>
  <message>Start action : verifyElementText(findTestObject(&amp;quot;Object Repository/Forms Landing Page/Page_Forms for registrants and applicants -_29e31d/p_If you have any questions on the forms, p_5a2f3e&amp;quot;), &amp;quot;If you have any questions on the forms, please contact the Pest Management Regulatory Agency Information Service&amp;quot;)</message>
  <nestedLevel>1</nestedLevel>
  <escapedJava>false</escapedJava>
  <property name="startLine">61</property>
  <property name="stepIndex">16</property>
</record>
<record>
  <date>2023-12-12T04:48:45.696523200Z</date>
  <millis>1702356525696</millis>
  <nanos>523200</nanos>
  <sequence>117</sequence>
  <level>NOT_RUN</level>
  <class>com.kms.katalon.core.logging.XmlKeywordLogger</class>
  <method>logMessage</method>
  <thread>1</thread>
  <message>NOT_RUN: verifyElementText(findTestObject(&amp;quot;Object Repository/Forms Landing Page/Page_Forms for registrants and applicants -_29e31d/p_If you have any questions on the forms, p_5a2f3e&amp;quot;), &amp;quot;If you have any questions on the forms, please contact the Pest Management Regulatory Agency Information Service&amp;quot;)</message>
  <nestedLevel>1</nestedLevel>
  <escapedJava>false</escapedJava>
</record>
<record>
  <date>2023-12-12T04:48:45.698427900Z</date>
  <millis>1702356525698</millis>
  <nanos>427900</nanos>
  <sequence>118</sequence>
  <level>END</level>
  <class>com.kms.katalon.core.logging.XmlKeywordLogger</class>
  <method>endKeyword</method>
  <thread>1</thread>
  <message>End action : verifyElementText(findTestObject(&amp;quot;Object Repository/Forms Landing Page/Page_Forms for registrants and applicants -_29e31d/p_If you have any questions on the forms, p_5a2f3e&amp;quot;), &amp;quot;If you have any questions on the forms, please contact the Pest Management Regulatory Agency Information Service&amp;quot;)</message>
  <nestedLevel>1</nestedLevel>
  <escapedJava>false</escapedJava>
</record>
<record>
  <date>2023-12-12T04:48:45.698427900Z</date>
  <millis>1702356525698</millis>
  <nanos>427900</nanos>
  <sequence>119</sequence>
  <level>START</level>
  <class>com.kms.katalon.core.logging.XmlKeywordLogger</class>
  <method>startKeyword</method>
  <thread>1</thread>
  <message>Start action : rightClick(findTestObject(&amp;quot;Object Repository/Forms Landing Page/Page_Forms for registrants and applicants -_29e31d/a_Pest Management Regulatory Agency Informa_37e21b&amp;quot;))</message>
  <nestedLevel>1</nestedLevel>
  <escapedJava>false</escapedJava>
  <property name="startLine">64</property>
  <property name="stepIndex">17</property>
</record>
<record>
  <date>2023-12-12T04:48:45.699477300Z</date>
  <millis>1702356525699</millis>
  <nanos>477300</nanos>
  <sequence>120</sequence>
  <level>NOT_RUN</level>
  <class>com.kms.katalon.core.logging.XmlKeywordLogger</class>
  <method>logMessage</method>
  <thread>1</thread>
  <message>NOT_RUN: rightClick(findTestObject(&amp;quot;Object Repository/Forms Landing Page/Page_Forms for registrants and applicants -_29e31d/a_Pest Management Regulatory Agency Informa_37e21b&amp;quot;))</message>
  <nestedLevel>1</nestedLevel>
  <escapedJava>false</escapedJava>
</record>
<record>
  <date>2023-12-12T04:48:45.700437Z</date>
  <millis>1702356525700</millis>
  <nanos>437000</nanos>
  <sequence>121</sequence>
  <level>END</level>
  <class>com.kms.katalon.core.logging.XmlKeywordLogger</class>
  <method>endKeyword</method>
  <thread>1</thread>
  <message>End action : rightClick(findTestObject(&amp;quot;Object Repository/Forms Landing Page/Page_Forms for registrants and applicants -_29e31d/a_Pest Management Regulatory Agency Informa_37e21b&amp;quot;))</message>
  <nestedLevel>1</nestedLevel>
  <escapedJava>false</escapedJava>
</record>
<record>
  <date>2023-12-12T04:48:45.701167200Z</date>
  <millis>1702356525701</millis>
  <nanos>167200</nanos>
  <sequence>122</sequence>
  <level>START</level>
  <class>com.kms.katalon.core.logging.XmlKeywordLogger</class>
  <method>startKeyword</method>
  <thread>1</thread>
  <message>Start action : verifyElementClickable(findTestObject(&amp;quot;Object Repository/Forms Landing Page/Page_Forms for registrants and applicants -_29e31d/a_Pest Management Regulatory Agency Informa_37e21b&amp;quot;))</message>
  <nestedLevel>1</nestedLevel>
  <escapedJava>false</escapedJava>
  <property name="startLine">66</property>
  <property name="stepIndex">18</property>
</record>
<record>
  <date>2023-12-12T04:48:45.702090900Z</date>
  <millis>1702356525702</millis>
  <nanos>90900</nanos>
  <sequence>123</sequence>
  <level>NOT_RUN</level>
  <class>com.kms.katalon.core.logging.XmlKeywordLogger</class>
  <method>logMessage</method>
  <thread>1</thread>
  <message>NOT_RUN: verifyElementClickable(findTestObject(&amp;quot;Object Repository/Forms Landing Page/Page_Forms for registrants and applicants -_29e31d/a_Pest Management Regulatory Agency Informa_37e21b&amp;quot;))</message>
  <nestedLevel>1</nestedLevel>
  <escapedJava>false</escapedJava>
</record>
<record>
  <date>2023-12-12T04:48:45.702090900Z</date>
  <millis>1702356525702</millis>
  <nanos>90900</nanos>
  <sequence>124</sequence>
  <level>END</level>
  <class>com.kms.katalon.core.logging.XmlKeywordLogger</class>
  <method>endKeyword</method>
  <thread>1</thread>
  <message>End action : verifyElementClickable(findTestObject(&amp;quot;Object Repository/Forms Landing Page/Page_Forms for registrants and applicants -_29e31d/a_Pest Management Regulatory Agency Informa_37e21b&amp;quot;))</message>
  <nestedLevel>1</nestedLevel>
  <escapedJava>false</escapedJava>
</record>
<record>
  <date>2023-12-12T04:48:45.703182800Z</date>
  <millis>1702356525703</millis>
  <nanos>182800</nanos>
  <sequence>125</sequence>
  <level>START</level>
  <class>com.kms.katalon.core.logging.XmlKeywordLogger</class>
  <method>startKeyword</method>
  <thread>1</thread>
  <message>Start action : click(findTestObject(&amp;quot;Object Repository/Forms Landing Page/Page_Forms for registrants and applicants -_29e31d/body_Language selectionFranaisfrWarningSwit_464108&amp;quot;))</message>
  <nestedLevel>1</nestedLevel>
  <escapedJava>false</escapedJava>
  <property name="startLine">68</property>
  <property name="stepIndex">19</property>
</record>
<record>
  <date>2023-12-12T04:48:45.705130Z</date>
  <millis>1702356525705</millis>
  <nanos>130000</nanos>
  <sequence>126</sequence>
  <level>NOT_RUN</level>
  <class>com.kms.katalon.core.logging.XmlKeywordLogger</class>
  <method>logMessage</method>
  <thread>1</thread>
  <message>NOT_RUN: click(findTestObject(&amp;quot;Object Repository/Forms Landing Page/Page_Forms for registrants and applicants -_29e31d/body_Language selectionFranaisfrWarningSwit_464108&amp;quot;))</message>
  <nestedLevel>1</nestedLevel>
  <escapedJava>false</escapedJava>
</record>
<record>
  <date>2023-12-12T04:48:45.705130Z</date>
  <millis>1702356525705</millis>
  <nanos>130000</nanos>
  <sequence>127</sequence>
  <level>END</level>
  <class>com.kms.katalon.core.logging.XmlKeywordLogger</class>
  <method>endKeyword</method>
  <thread>1</thread>
  <message>End action : click(findTestObject(&amp;quot;Object Repository/Forms Landing Page/Page_Forms for registrants and applicants -_29e31d/body_Language selectionFranaisfrWarningSwit_464108&amp;quot;))</message>
  <nestedLevel>1</nestedLevel>
  <escapedJava>false</escapedJava>
</record>
<record>
  <date>2023-12-12T04:48:45.705130Z</date>
  <millis>1702356525705</millis>
  <nanos>130000</nanos>
  <sequence>128</sequence>
  <level>START</level>
  <class>com.kms.katalon.core.logging.XmlKeywordLogger</class>
  <method>startKeyword</method>
  <thread>1</thread>
  <message>Start action : closeBrowser()</message>
  <nestedLevel>1</nestedLevel>
  <escapedJava>false</escapedJava>
  <property name="startLine">70</property>
  <property name="stepIndex">20</property>
</record>
<record>
  <date>2023-12-12T04:48:46.086374800Z</date>
  <millis>1702356526086</millis>
  <nanos>374800</nanos>
  <sequence>130</sequence>
  <level>PASSED</level>
  <class>com.kms.katalon.core.logging.XmlKeywordLogger</class>
  <method>logMessage</method>
  <thread>1</thread>
  <message>Browser is closed</message>
  <nestedLevel>1</nestedLevel>
  <escapedJava>false</escapedJava>
  <property name="testops-method-name">com.kms.katalon.core.webui.keyword.builtin.CloseBrowserKeyword.closeBrowser</property>
  <property name="testops-execution-stacktrace"></property>
</record>
<record>
  <date>2023-12-12T04:48:46.087375100Z</date>
  <millis>1702356526087</millis>
  <nanos>375100</nanos>
  <sequence>131</sequence>
  <level>END</level>
  <class>com.kms.katalon.core.logging.XmlKeywordLogger</class>
  <method>endKeyword</method>
  <thread>1</thread>
  <message>End action : closeBrowser()</message>
  <nestedLevel>1</nestedLevel>
  <escapedJava>false</escapedJava>
</record>
<record>
  <date>2023-12-12T04:48:46.087375100Z</date>
  <millis>1702356526087</millis>
  <nanos>375100</nanos>
  <sequence>132</sequence>
  <level>PASSED</level>
  <class>com.kms.katalon.core.logging.XmlKeywordLogger</class>
  <method>logMessage</method>
  <thread>1</thread>
  <message>Test Cases/Forms Landing Page</message>
  <nestedLevel>1</nestedLevel>
  <escapedJava>false</escapedJava>
</record>
<record>
  <date>2023-12-12T04:48:46.088377200Z</date>
  <millis>1702356526088</millis>
  <nanos>377200</nanos>
  <sequence>133</sequence>
  <level>START</level>
  <class>com.kms.katalon.core.logging.XmlKeywordLogger</class>
  <method>startKeyword</method>
  <thread>1</thread>
  <message>Start listener action : sampleAfterTestCase</message>
  <nestedLevel>1</nestedLevel>
  <escapedJava>false</escapedJava>
</record>
<record>
  <date>2023-12-12T04:48:46.090418900Z</date>
  <millis>1702356526090</millis>
  <nanos>418900</nanos>
  <sequence>136</sequence>
  <level>END</level>
  <class>com.kms.katalon.core.logging.XmlKeywordLogger</class>
  <method>endKeyword</method>
  <thread>1</thread>
  <message>End listener action : sampleAfterTestCase</message>
  <nestedLevel>1</nestedLevel>
  <escapedJava>false</escapedJava>
</record>
<record>
  <date>2023-12-12T04:48:46.091347700Z</date>
  <millis>1702356526091</millis>
  <nanos>347700</nanos>
  <sequence>137</sequence>
  <level>END</level>
  <class>com.kms.katalon.core.logging.XmlKeywordLogger</class>
  <method>endTest</method>
  <thread>1</thread>
  <message>End Test Case : Test Cases/Forms Landing Page</message>
  <nestedLevel>0</nestedLevel>
  <escapedJava>false</escapedJava>
  <property name="executionBindingVariables">[]</property>
  <property name="applitools">false</property>
  <property name="remainingRetryCount">3</property>
  <property name="currentRetryCount">0</property>
  <property name="keywordsUsage">{
  &quot;web_ui&quot;: true,
  &quot;web_service&quot;: false,
  &quot;cucumber&quot;: false,
  &quot;builtin&quot;: false,
  &quot;mobile&quot;: false,
  &quot;windows&quot;: false,
  &quot;testng&quot;: false
}</property>
</record>
<record>
  <date>2023-12-12T04:48:46.093353700Z</date>
  <millis>1702356526093</millis>
  <nanos>353700</nanos>
  <sequence>138</sequence>
  <level>START</level>
  <class>com.kms.katalon.core.logging.XmlKeywordLogger</class>
  <method>startKeyword</method>
  <thread>1</thread>
  <message>Start listener action : sampleAfterTestSuite</message>
  <nestedLevel>0</nestedLevel>
  <escapedJava>false</escapedJava>
</record>
<record>
  <date>2023-12-12T04:48:46.094454700Z</date>
  <millis>1702356526094</millis>
  <nanos>454700</nanos>
  <sequence>141</sequence>
  <level>END</level>
  <class>com.kms.katalon.core.logging.XmlKeywordLogger</class>
  <method>endKeyword</method>
  <thread>1</thread>
  <message>End listener action : sampleAfterTestSuite</message>
  <nestedLevel>0</nestedLevel>
  <escapedJava>false</escapedJava>
</record>
<record>
  <date>2023-12-12T04:48:46.094454700Z</date>
  <millis>1702356526094</millis>
  <nanos>454700</nanos>
  <sequence>142</sequence>
  <level>START</level>
  <class>com.kms.katalon.core.logging.XmlKeywordLogger</class>
  <method>startKeyword</method>
  <thread>1</thread>
  <message>Start listener action : exportKatalonReports</message>
  <nestedLevel>0</nestedLevel>
  <escapedJava>false</escapedJava>
</record>
<record>
  <date>2023-12-12T04:48:46.337408100Z</date>
  <millis>1702356526337</millis>
  <nanos>408100</nanos>
  <sequence>306</sequence>
  <level>INFO</level>
  <class>com.kms.katalon.core.logging.XmlKeywordLogger</class>
  <method>logMessage</method>
  <thread>1</thread>
  <message>Start generating HTML report folder at: C:\Users\hcuser\git\IP629-Katalon-regression\Reports\20231211_234827\Regression\20231211_234827...</message>
  <nestedLevel>0</nestedLevel>
  <escapedJava>false</escapedJava>
</record>
<record>
  <date>2023-12-12T04:48:46.412490100Z</date>
  <millis>1702356526412</millis>
  <nanos>490100</nanos>
  <sequence>307</sequence>
  <level>INFO</level>
  <class>com.kms.katalon.core.logging.XmlKeywordLogger</class>
  <method>logMessage</method>
  <thread>1</thread>
  <message>HTML report generated</message>
  <nestedLevel>0</nestedLevel>
  <escapedJava>false</escapedJava>
</record>
<record>
  <date>2023-12-12T04:48:46.415305600Z</date>
  <millis>1702356526415</millis>
  <nanos>305600</nanos>
  <sequence>308</sequence>
  <level>INFO</level>
  <class>com.kms.katalon.core.logging.XmlKeywordLogger</class>
  <method>logMessage</method>
  <thread>1</thread>
  <message>Start generating CSV report folder at: C:\Users\hcuser\git\IP629-Katalon-regression\Reports\20231211_234827\Regression\20231211_234827...</message>
  <nestedLevel>0</nestedLevel>
  <escapedJava>false</escapedJava>
</record>
<record>
  <date>2023-12-12T04:48:46.473351200Z</date>
  <millis>1702356526473</millis>
  <nanos>351200</nanos>
  <sequence>309</sequence>
  <level>INFO</level>
  <class>com.kms.katalon.core.logging.XmlKeywordLogger</class>
  <method>logMessage</method>
  <thread>1</thread>
  <message>CSV report generated</message>
  <nestedLevel>0</nestedLevel>
  <escapedJava>false</escapedJava>
</record>
<record>
  <date>2023-12-12T04:48:46.493332100Z</date>
  <millis>1702356526493</millis>
  <nanos>332100</nanos>
  <sequence>311</sequence>
  <level>END</level>
  <class>com.kms.katalon.core.logging.XmlKeywordLogger</class>
  <method>endKeyword</method>
  <thread>1</thread>
  <message>End listener action : exportKatalonReports</message>
  <nestedLevel>0</nestedLevel>
  <escapedJava>false</escapedJava>
</record>
<record>
  <date>2023-12-12T04:48:46.525306800Z</date>
  <millis>1702356526525</millis>
  <nanos>306800</nanos>
  <sequence>312</sequence>
  <level>END</level>
  <class>com.kms.katalon.core.logging.XmlKeywordLogger</class>
  <method>endSuite</method>
  <thread>1</thread>
  <message>End Test Suite : Test Suites/Regression</message>
  <nestedLevel>0</nestedLevel>
  <escapedJava>false</escapedJava>
</record>
</log>
