<?xml version="1.0" encoding="UTF-8" standalone="no"?>
<!DOCTYPE log SYSTEM "logger.dtd">
<log>
<record>
  <date>2023-12-12T04:03:11.848847100Z</date>
  <millis>1702353791848</millis>
  <nanos>847100</nanos>
  <sequence>0</sequence>
  <level>START</level>
  <class>com.kms.katalon.core.logging.XmlKeywordLogger</class>
  <method>startSuite</method>
  <thread>1</thread>
  <message>Start Test Suite : Test Suites/Regression</message>
  <nestedLevel>0</nestedLevel>
  <escapedJava>false</escapedJava>
  <property name="rerunTestFailImmediately">true</property>
  <property name="retryCount">3</property>
  <property name="name">Regression</property>
  <property name="description"></property>
  <property name="id">Test Suites/Regression</property>
</record>
<record>
  <date>2023-12-12T04:03:11.863833600Z</date>
  <millis>1702353791863</millis>
  <nanos>833600</nanos>
  <sequence>1</sequence>
  <level>RUN_DATA</level>
  <class>com.kms.katalon.core.logging.XmlKeywordLogger</class>
  <method>logMessage</method>
  <thread>1</thread>
  <message>hostName = hcuser - 192.168.239.132</message>
  <nestedLevel>0</nestedLevel>
  <escapedJava>false</escapedJava>
  <property name="hostName">hcuser - 192.168.239.132</property>
</record>
<record>
  <date>2023-12-12T04:03:11.864844Z</date>
  <millis>1702353791864</millis>
  <nanos>844000</nanos>
  <sequence>2</sequence>
  <level>RUN_DATA</level>
  <class>com.kms.katalon.core.logging.XmlKeywordLogger</class>
  <method>logMessage</method>
  <thread>1</thread>
  <message>os = Windows 10 64bit</message>
  <nestedLevel>0</nestedLevel>
  <escapedJava>false</escapedJava>
  <property name="os">Windows 10 64bit</property>
</record>
<record>
  <date>2023-12-12T04:03:11.864844Z</date>
  <millis>1702353791864</millis>
  <nanos>844000</nanos>
  <sequence>3</sequence>
  <level>RUN_DATA</level>
  <class>com.kms.katalon.core.logging.XmlKeywordLogger</class>
  <method>logMessage</method>
  <thread>1</thread>
  <message>hostAddress = 192.168.239.132</message>
  <nestedLevel>0</nestedLevel>
  <escapedJava>false</escapedJava>
  <property name="hostAddress">192.168.239.132</property>
</record>
<record>
  <date>2023-12-12T04:03:11.865940900Z</date>
  <millis>1702353791865</millis>
  <nanos>940900</nanos>
  <sequence>4</sequence>
  <level>RUN_DATA</level>
  <class>com.kms.katalon.core.logging.XmlKeywordLogger</class>
  <method>logMessage</method>
  <thread>1</thread>
  <message>katalonVersion = 9.0.0.212</message>
  <nestedLevel>0</nestedLevel>
  <escapedJava>false</escapedJava>
  <property name="katalonVersion">9.0.0.212</property>
</record>
<record>
  <date>2023-12-12T04:03:11.924048300Z</date>
  <millis>1702353791924</millis>
  <nanos>48300</nanos>
  <sequence>5</sequence>
  <level>INFO</level>
  <class>com.kms.katalon.core.logging.XmlKeywordLogger</class>
  <method>logMessage</method>
  <thread>1</thread>
  <message>Microsoft Teams Incoming Webhook is empty.</message>
  <nestedLevel>0</nestedLevel>
  <escapedJava>false</escapedJava>
</record>
<record>
  <date>2023-12-12T04:03:12.232900Z</date>
  <millis>1702353792232</millis>
  <nanos>900000</nanos>
  <sequence>6</sequence>
  <level>START</level>
  <class>com.kms.katalon.core.logging.XmlKeywordLogger</class>
  <method>startTest</method>
  <thread>1</thread>
  <message>Start Test Case : Test Cases/Forms Landing Page</message>
  <nestedLevel>1</nestedLevel>
  <escapedJava>false</escapedJava>
  <property name="remainingRetryCount">3</property>
  <property name="name">Test Cases/Forms Landing Page</property>
  <property name="description"></property>
  <property name="iteration"></property>
  <property name="id">Test Cases/Forms Landing Page</property>
  <property name="source">C:\Users\hcuser\git\IP629-Katalon-regression\Test Cases\Forms Landing Page.tc</property>
  <property name="tag"></property>
  <property name="isOptional">false</property>
  <property name="currentRetryCount">0</property>
</record>
<record>
  <date>2023-12-12T04:03:12.538856400Z</date>
  <millis>1702353792538</millis>
  <nanos>856400</nanos>
  <sequence>8</sequence>
  <level>START</level>
  <class>com.kms.katalon.core.logging.XmlKeywordLogger</class>
  <method>startKeyword</method>
  <thread>1</thread>
  <message>Start action : openBrowser(&amp;quot;&amp;quot;)</message>
  <nestedLevel>1</nestedLevel>
  <escapedJava>false</escapedJava>
  <property name="startLine">20</property>
  <property name="stepIndex">1</property>
</record>
<record>
  <date>2023-12-12T04:03:13.011034800Z</date>
  <millis>1702353793011</millis>
  <nanos>34800</nanos>
  <sequence>10</sequence>
  <level>INFO</level>
  <class>com.kms.katalon.core.logging.XmlKeywordLogger</class>
  <method>logMessage</method>
  <thread>1</thread>
  <message>Starting &amp;apos;Chrome&amp;apos; driver</message>
  <nestedLevel>1</nestedLevel>
  <escapedJava>false</escapedJava>
</record>
<record>
  <date>2023-12-12T04:03:13.083070700Z</date>
  <millis>1702353793083</millis>
  <nanos>70700</nanos>
  <sequence>12</sequence>
  <level>INFO</level>
  <class>com.kms.katalon.core.logging.XmlKeywordLogger</class>
  <method>logMessage</method>
  <thread>1</thread>
  <message>Action delay is set to 0 milliseconds</message>
  <nestedLevel>1</nestedLevel>
  <escapedJava>false</escapedJava>
</record>
<record>
  <date>2023-12-12T04:03:15.702841800Z</date>
  <millis>1702353795702</millis>
  <nanos>841800</nanos>
  <sequence>14</sequence>
  <level>RUN_DATA</level>
  <class>com.kms.katalon.core.logging.XmlKeywordLogger</class>
  <method>logMessage</method>
  <thread>1</thread>
  <message>sessionId = cf43c76b60b5d5fed39901d187539471</message>
  <nestedLevel>1</nestedLevel>
  <escapedJava>false</escapedJava>
  <property name="sessionId">cf43c76b60b5d5fed39901d187539471</property>
</record>
<record>
  <date>2023-12-12T04:03:15.730937100Z</date>
  <millis>1702353795730</millis>
  <nanos>937100</nanos>
  <sequence>15</sequence>
  <level>RUN_DATA</level>
  <class>com.kms.katalon.core.logging.XmlKeywordLogger</class>
  <method>logMessage</method>
  <thread>1</thread>
  <message>browser = Chrome 120.0.0.0</message>
  <nestedLevel>1</nestedLevel>
  <escapedJava>false</escapedJava>
  <property name="browser">Chrome 120.0.0.0</property>
</record>
<record>
  <date>2023-12-12T04:03:15.732958200Z</date>
  <millis>1702353795732</millis>
  <nanos>958200</nanos>
  <sequence>16</sequence>
  <level>RUN_DATA</level>
  <class>com.kms.katalon.core.logging.XmlKeywordLogger</class>
  <method>logMessage</method>
  <thread>1</thread>
  <message>platform = Windows 10</message>
  <nestedLevel>1</nestedLevel>
  <escapedJava>false</escapedJava>
  <property name="platform">Windows 10</property>
</record>
<record>
  <date>2023-12-12T04:03:15.732958200Z</date>
  <millis>1702353795732</millis>
  <nanos>958200</nanos>
  <sequence>17</sequence>
  <level>RUN_DATA</level>
  <class>com.kms.katalon.core.logging.XmlKeywordLogger</class>
  <method>logMessage</method>
  <thread>1</thread>
  <message>seleniumVersion = 3.141.59</message>
  <nestedLevel>1</nestedLevel>
  <escapedJava>false</escapedJava>
  <property name="seleniumVersion">3.141.59</property>
</record>
<record>
  <date>2023-12-12T04:03:15.733955700Z</date>
  <millis>1702353795733</millis>
  <nanos>955700</nanos>
  <sequence>18</sequence>
  <level>RUN_DATA</level>
  <class>com.kms.katalon.core.logging.XmlKeywordLogger</class>
  <method>logMessage</method>
  <thread>1</thread>
  <message>proxyInformation = ProxyInformation { proxyOption=NO_PROXY, proxyServerType=HTTP, username=, password=********, proxyServerAddress=, proxyServerPort=0, executionList=&amp;quot;&amp;quot;, isApplyToDesiredCapabilities=true }</message>
  <nestedLevel>1</nestedLevel>
  <escapedJava>false</escapedJava>
  <property name="proxyInformation">ProxyInformation { proxyOption=NO_PROXY, proxyServerType=HTTP, username=, password=********, proxyServerAddress=, proxyServerPort=0, executionList=&quot;&quot;, isApplyToDesiredCapabilities=true }</property>
</record>
<record>
  <date>2023-12-12T04:03:15.746014Z</date>
  <millis>1702353795746</millis>
  <nanos>14000</nanos>
  <sequence>19</sequence>
  <level>PASSED</level>
  <class>com.kms.katalon.core.logging.XmlKeywordLogger</class>
  <method>logMessage</method>
  <thread>1</thread>
  <message>Browser is opened with url: &amp;apos;&amp;apos;</message>
  <nestedLevel>1</nestedLevel>
  <escapedJava>false</escapedJava>
  <property name="testops-method-name">com.kms.katalon.core.webui.keyword.builtin.OpenBrowserKeyword.openBrowser</property>
  <property name="testops-execution-stacktrace"></property>
</record>
<record>
  <date>2023-12-12T04:03:15.750953700Z</date>
  <millis>1702353795750</millis>
  <nanos>953700</nanos>
  <sequence>20</sequence>
  <level>END</level>
  <class>com.kms.katalon.core.logging.XmlKeywordLogger</class>
  <method>endKeyword</method>
  <thread>1</thread>
  <message>End action : openBrowser(&amp;quot;&amp;quot;)</message>
  <nestedLevel>1</nestedLevel>
  <escapedJava>false</escapedJava>
</record>
<record>
  <date>2023-12-12T04:03:15.750953700Z</date>
  <millis>1702353795750</millis>
  <nanos>953700</nanos>
  <sequence>21</sequence>
  <level>START</level>
  <class>com.kms.katalon.core.logging.XmlKeywordLogger</class>
  <method>startKeyword</method>
  <thread>1</thread>
  <message>Start action : navigateToUrl(&amp;quot;https://was-dtb-dpddmd-eprs-qa.azurewebsites.net/forms&amp;quot;)</message>
  <nestedLevel>1</nestedLevel>
  <escapedJava>false</escapedJava>
  <property name="startLine">22</property>
  <property name="stepIndex">2</property>
</record>
<record>
  <date>2023-12-12T04:03:18.534772800Z</date>
  <millis>1702353798534</millis>
  <nanos>772800</nanos>
  <sequence>24</sequence>
  <level>PASSED</level>
  <class>com.kms.katalon.core.logging.XmlKeywordLogger</class>
  <method>logMessage</method>
  <thread>1</thread>
  <message>Navigate to &amp;apos;https://was-dtb-dpddmd-eprs-qa.azurewebsites.net/forms&amp;apos; successfully</message>
  <nestedLevel>1</nestedLevel>
  <escapedJava>false</escapedJava>
  <property name="testops-method-name">com.kms.katalon.core.webui.keyword.builtin.NavigateToUrlKeyword.navigateToUrl</property>
  <property name="testops-execution-stacktrace"></property>
</record>
<record>
  <date>2023-12-12T04:03:18.541176Z</date>
  <millis>1702353798541</millis>
  <nanos>176000</nanos>
  <sequence>25</sequence>
  <level>END</level>
  <class>com.kms.katalon.core.logging.XmlKeywordLogger</class>
  <method>endKeyword</method>
  <thread>1</thread>
  <message>End action : navigateToUrl(&amp;quot;https://was-dtb-dpddmd-eprs-qa.azurewebsites.net/forms&amp;quot;)</message>
  <nestedLevel>1</nestedLevel>
  <escapedJava>false</escapedJava>
</record>
<record>
  <date>2023-12-12T04:03:18.542844600Z</date>
  <millis>1702353798542</millis>
  <nanos>844600</nanos>
  <sequence>26</sequence>
  <level>START</level>
  <class>com.kms.katalon.core.logging.XmlKeywordLogger</class>
  <method>startKeyword</method>
  <thread>1</thread>
  <message>Start action : verifyElementText(findTestObject(&amp;quot;Object Repository/Forms Landing Page/Page_Forms for registrants and applicants -_29e31d/h1_Forms for registrants and applicants&amp;quot;), &amp;quot;Forms for registrants and applicants&amp;quot;)</message>
  <nestedLevel>1</nestedLevel>
  <escapedJava>false</escapedJava>
  <property name="startLine">24</property>
  <property name="stepIndex">3</property>
</record>
<record>
  <date>2023-12-12T04:03:18.546191200Z</date>
  <millis>1702353798546</millis>
  <nanos>191200</nanos>
  <sequence>27</sequence>
  <level>NOT_RUN</level>
  <class>com.kms.katalon.core.logging.XmlKeywordLogger</class>
  <method>logMessage</method>
  <thread>1</thread>
  <message>NOT_RUN: verifyElementText(findTestObject(&amp;quot;Object Repository/Forms Landing Page/Page_Forms for registrants and applicants -_29e31d/h1_Forms for registrants and applicants&amp;quot;), &amp;quot;Forms for registrants and applicants&amp;quot;)</message>
  <nestedLevel>1</nestedLevel>
  <escapedJava>false</escapedJava>
</record>
<record>
  <date>2023-12-12T04:03:18.547193700Z</date>
  <millis>1702353798547</millis>
  <nanos>193700</nanos>
  <sequence>28</sequence>
  <level>END</level>
  <class>com.kms.katalon.core.logging.XmlKeywordLogger</class>
  <method>endKeyword</method>
  <thread>1</thread>
  <message>End action : verifyElementText(findTestObject(&amp;quot;Object Repository/Forms Landing Page/Page_Forms for registrants and applicants -_29e31d/h1_Forms for registrants and applicants&amp;quot;), &amp;quot;Forms for registrants and applicants&amp;quot;)</message>
  <nestedLevel>1</nestedLevel>
  <escapedJava>false</escapedJava>
</record>
<record>
  <date>2023-12-12T04:03:18.547193700Z</date>
  <millis>1702353798547</millis>
  <nanos>193700</nanos>
  <sequence>29</sequence>
  <level>START</level>
  <class>com.kms.katalon.core.logging.XmlKeywordLogger</class>
  <method>startKeyword</method>
  <thread>1</thread>
  <message>Start action : verifyElementText(findTestObject(&amp;quot;Object Repository/Forms Landing Page/Page_Forms for registrants and applicants -_29e31d/h2_Instructions for requesting PDF forms&amp;quot;), &amp;quot;Instructions for requesting PDF forms&amp;quot;)</message>
  <nestedLevel>1</nestedLevel>
  <escapedJava>false</escapedJava>
  <property name="startLine">27</property>
  <property name="stepIndex">4</property>
</record>
<record>
  <date>2023-12-12T04:03:19.608010400Z</date>
  <millis>1702353799608</millis>
  <nanos>10400</nanos>
  <sequence>37</sequence>
  <level>PASSED</level>
  <class>com.kms.katalon.core.logging.XmlKeywordLogger</class>
  <method>logMessage</method>
  <thread>1</thread>
  <message>Actual text and expected text of test object &amp;apos;Object Repository/Forms Landing Page/Page_Forms for registrants and applicants -_29e31d/h2_Instructions for requesting PDF forms&amp;apos; are matched.</message>
  <nestedLevel>1</nestedLevel>
  <escapedJava>false</escapedJava>
  <property name="testops-is-assertion">true</property>
  <property name="testops-method-name">com.kms.katalon.core.webui.keyword.builtin.VerifyElementTextKeyword.verifyElementText</property>
  <property name="testops-execution-stacktrace"></property>
</record>
<record>
  <date>2023-12-12T04:03:19.611009400Z</date>
  <millis>1702353799611</millis>
  <nanos>9400</nanos>
  <sequence>38</sequence>
  <level>END</level>
  <class>com.kms.katalon.core.logging.XmlKeywordLogger</class>
  <method>endKeyword</method>
  <thread>1</thread>
  <message>End action : verifyElementText(findTestObject(&amp;quot;Object Repository/Forms Landing Page/Page_Forms for registrants and applicants -_29e31d/h2_Instructions for requesting PDF forms&amp;quot;), &amp;quot;Instructions for requesting PDF forms&amp;quot;)</message>
  <nestedLevel>1</nestedLevel>
  <escapedJava>false</escapedJava>
</record>
<record>
  <date>2023-12-12T04:03:19.611009400Z</date>
  <millis>1702353799611</millis>
  <nanos>9400</nanos>
  <sequence>39</sequence>
  <level>START</level>
  <class>com.kms.katalon.core.logging.XmlKeywordLogger</class>
  <method>startKeyword</method>
  <thread>1</thread>
  <message>Start action : click(findTestObject(&amp;quot;Object Repository/Forms Landing Page/Page_Forms for registrants and applicants -_29e31d/summary_Instructions for requesting PDF forms&amp;quot;))</message>
  <nestedLevel>1</nestedLevel>
  <escapedJava>false</escapedJava>
  <property name="startLine">30</property>
  <property name="stepIndex">5</property>
</record>
<record>
  <date>2023-12-12T04:03:20.095938100Z</date>
  <millis>1702353800095</millis>
  <nanos>938100</nanos>
  <sequence>49</sequence>
  <level>PASSED</level>
  <class>com.kms.katalon.core.logging.XmlKeywordLogger</class>
  <method>logMessage</method>
  <thread>1</thread>
  <message>Object: &amp;apos;Object Repository/Forms Landing Page/Page_Forms for registrants and applicants -_29e31d/summary_Instructions for requesting PDF forms&amp;apos; is clicked on</message>
  <nestedLevel>1</nestedLevel>
  <escapedJava>false</escapedJava>
  <property name="testops-method-name">com.kms.katalon.core.webui.keyword.builtin.ClickKeyword.click</property>
  <property name="testops-execution-stacktrace"></property>
</record>
<record>
  <date>2023-12-12T04:03:20.098023400Z</date>
  <millis>1702353800098</millis>
  <nanos>23400</nanos>
  <sequence>50</sequence>
  <level>END</level>
  <class>com.kms.katalon.core.logging.XmlKeywordLogger</class>
  <method>endKeyword</method>
  <thread>1</thread>
  <message>End action : click(findTestObject(&amp;quot;Object Repository/Forms Landing Page/Page_Forms for registrants and applicants -_29e31d/summary_Instructions for requesting PDF forms&amp;quot;))</message>
  <nestedLevel>1</nestedLevel>
  <escapedJava>false</escapedJava>
</record>
<record>
  <date>2023-12-12T04:03:20.099026500Z</date>
  <millis>1702353800099</millis>
  <nanos>26500</nanos>
  <sequence>51</sequence>
  <level>START</level>
  <class>com.kms.katalon.core.logging.XmlKeywordLogger</class>
  <method>startKeyword</method>
  <thread>1</thread>
  <message>Start action : verifyElementText(findTestObject(&amp;quot;Object Repository/Forms Landing Page/Page_Forms for registrants and applicants -_29e31d/p_Forms in PDF format are available upon re_989b8d&amp;quot;), &amp;quot;Forms in PDF format are available upon request. Click on the form’s link from the table below to open an email addressed to pmra.docs.arla@hc-sc.gc.ca to submit your request. Ensure the text &amp;quot;Request for form [your form number]&amp;quot; is in the subject line of the email before sending.&amp;quot;)</message>
  <nestedLevel>1</nestedLevel>
  <escapedJava>false</escapedJava>
  <property name="startLine">32</property>
  <property name="stepIndex">6</property>
</record>
<record>
  <date>2023-12-12T04:03:20.564903200Z</date>
  <millis>1702353800564</millis>
  <nanos>903200</nanos>
  <sequence>59</sequence>
  <level>PASSED</level>
  <class>com.kms.katalon.core.logging.XmlKeywordLogger</class>
  <method>logMessage</method>
  <thread>1</thread>
  <message>Actual text and expected text of test object &amp;apos;Object Repository/Forms Landing Page/Page_Forms for registrants and applicants -_29e31d/p_Forms in PDF format are available upon re_989b8d&amp;apos; are matched.</message>
  <nestedLevel>1</nestedLevel>
  <escapedJava>false</escapedJava>
  <property name="testops-is-assertion">true</property>
  <property name="testops-method-name">com.kms.katalon.core.webui.keyword.builtin.VerifyElementTextKeyword.verifyElementText</property>
  <property name="testops-execution-stacktrace"></property>
</record>
<record>
  <date>2023-12-12T04:03:20.565922800Z</date>
  <millis>1702353800565</millis>
  <nanos>922800</nanos>
  <sequence>60</sequence>
  <level>END</level>
  <class>com.kms.katalon.core.logging.XmlKeywordLogger</class>
  <method>endKeyword</method>
  <thread>1</thread>
  <message>End action : verifyElementText(findTestObject(&amp;quot;Object Repository/Forms Landing Page/Page_Forms for registrants and applicants -_29e31d/p_Forms in PDF format are available upon re_989b8d&amp;quot;), &amp;quot;Forms in PDF format are available upon request. Click on the form’s link from the table below to open an email addressed to pmra.docs.arla@hc-sc.gc.ca to submit your request. Ensure the text &amp;quot;Request for form [your form number]&amp;quot; is in the subject line of the email before sending.&amp;quot;)</message>
  <nestedLevel>1</nestedLevel>
  <escapedJava>false</escapedJava>
</record>
<record>
  <date>2023-12-12T04:03:20.566963700Z</date>
  <millis>1702353800566</millis>
  <nanos>963700</nanos>
  <sequence>61</sequence>
  <level>START</level>
  <class>com.kms.katalon.core.logging.XmlKeywordLogger</class>
  <method>startKeyword</method>
  <thread>1</thread>
  <message>Start action : verifyElementClickable(findTestObject(&amp;quot;Object Repository/Forms Landing Page/Page_Forms for registrants and applicants -_29e31d/a_pmra.docs.arlahc-sc.gc.ca&amp;quot;))</message>
  <nestedLevel>1</nestedLevel>
  <escapedJava>false</escapedJava>
  <property name="startLine">35</property>
  <property name="stepIndex">7</property>
</record>
<record>
  <date>2023-12-12T04:03:20.938015800Z</date>
  <millis>1702353800938</millis>
  <nanos>15800</nanos>
  <sequence>69</sequence>
  <level>PASSED</level>
  <class>com.kms.katalon.core.logging.XmlKeywordLogger</class>
  <method>logMessage</method>
  <thread>1</thread>
  <message>Object &amp;apos;Object Repository/Forms Landing Page/Page_Forms for registrants and applicants -_29e31d/a_pmra.docs.arlahc-sc.gc.ca&amp;apos; is clickable</message>
  <nestedLevel>1</nestedLevel>
  <escapedJava>false</escapedJava>
  <property name="testops-is-assertion">true</property>
  <property name="testops-method-name">com.kms.katalon.core.webui.keyword.builtin.VerifyElementClickableKeyword.verifyElementClickable</property>
  <property name="testops-execution-stacktrace"></property>
</record>
<record>
  <date>2023-12-12T04:03:20.939046400Z</date>
  <millis>1702353800939</millis>
  <nanos>46400</nanos>
  <sequence>70</sequence>
  <level>END</level>
  <class>com.kms.katalon.core.logging.XmlKeywordLogger</class>
  <method>endKeyword</method>
  <thread>1</thread>
  <message>End action : verifyElementClickable(findTestObject(&amp;quot;Object Repository/Forms Landing Page/Page_Forms for registrants and applicants -_29e31d/a_pmra.docs.arlahc-sc.gc.ca&amp;quot;))</message>
  <nestedLevel>1</nestedLevel>
  <escapedJava>false</escapedJava>
</record>
<record>
  <date>2023-12-12T04:03:20.940005900Z</date>
  <millis>1702353800940</millis>
  <nanos>5900</nanos>
  <sequence>71</sequence>
  <level>START</level>
  <class>com.kms.katalon.core.logging.XmlKeywordLogger</class>
  <method>startKeyword</method>
  <thread>1</thread>
  <message>Start action : verifyElementText(findTestObject(&amp;quot;Object Repository/Forms Landing Page/Page_Forms for registrants and applicants -_29e31d/p_Once received by the Pest Management Regu_d1194b&amp;quot;), &amp;quot;Once received by the Pest Management Regulatory Agency (PMRA), an email with the requested PDF form will be sent back to your email address.&amp;quot;)</message>
  <nestedLevel>1</nestedLevel>
  <escapedJava>false</escapedJava>
  <property name="startLine">37</property>
  <property name="stepIndex">8</property>
</record>
<record>
  <date>2023-12-12T04:03:21.284029400Z</date>
  <millis>1702353801284</millis>
  <nanos>29400</nanos>
  <sequence>79</sequence>
  <level>PASSED</level>
  <class>com.kms.katalon.core.logging.XmlKeywordLogger</class>
  <method>logMessage</method>
  <thread>1</thread>
  <message>Actual text and expected text of test object &amp;apos;Object Repository/Forms Landing Page/Page_Forms for registrants and applicants -_29e31d/p_Once received by the Pest Management Regu_d1194b&amp;apos; are matched.</message>
  <nestedLevel>1</nestedLevel>
  <escapedJava>false</escapedJava>
  <property name="testops-is-assertion">true</property>
  <property name="testops-method-name">com.kms.katalon.core.webui.keyword.builtin.VerifyElementTextKeyword.verifyElementText</property>
  <property name="testops-execution-stacktrace"></property>
</record>
<record>
  <date>2023-12-12T04:03:21.285138100Z</date>
  <millis>1702353801285</millis>
  <nanos>138100</nanos>
  <sequence>80</sequence>
  <level>END</level>
  <class>com.kms.katalon.core.logging.XmlKeywordLogger</class>
  <method>endKeyword</method>
  <thread>1</thread>
  <message>End action : verifyElementText(findTestObject(&amp;quot;Object Repository/Forms Landing Page/Page_Forms for registrants and applicants -_29e31d/p_Once received by the Pest Management Regu_d1194b&amp;quot;), &amp;quot;Once received by the Pest Management Regulatory Agency (PMRA), an email with the requested PDF form will be sent back to your email address.&amp;quot;)</message>
  <nestedLevel>1</nestedLevel>
  <escapedJava>false</escapedJava>
</record>
<record>
  <date>2023-12-12T04:03:21.286246400Z</date>
  <millis>1702353801286</millis>
  <nanos>246400</nanos>
  <sequence>81</sequence>
  <level>START</level>
  <class>com.kms.katalon.core.logging.XmlKeywordLogger</class>
  <method>startKeyword</method>
  <thread>1</thread>
  <message>Start action : verifyElementText(findTestObject(&amp;quot;Object Repository/Forms Landing Page/Page_Forms for registrants and applicants -_29e31d/p_Please note, all responses are provided d_07a4da&amp;quot;), &amp;quot;Please note, all responses are provided during hours of operation, Monday to Friday, only.&amp;quot;)</message>
  <nestedLevel>1</nestedLevel>
  <escapedJava>false</escapedJava>
  <property name="startLine">40</property>
  <property name="stepIndex">9</property>
</record>
<record>
  <date>2023-12-12T04:03:21.622031600Z</date>
  <millis>1702353801622</millis>
  <nanos>31600</nanos>
  <sequence>89</sequence>
  <level>PASSED</level>
  <class>com.kms.katalon.core.logging.XmlKeywordLogger</class>
  <method>logMessage</method>
  <thread>1</thread>
  <message>Actual text and expected text of test object &amp;apos;Object Repository/Forms Landing Page/Page_Forms for registrants and applicants -_29e31d/p_Please note, all responses are provided d_07a4da&amp;apos; are matched.</message>
  <nestedLevel>1</nestedLevel>
  <escapedJava>false</escapedJava>
  <property name="testops-is-assertion">true</property>
  <property name="testops-method-name">com.kms.katalon.core.webui.keyword.builtin.VerifyElementTextKeyword.verifyElementText</property>
  <property name="testops-execution-stacktrace"></property>
</record>
<record>
  <date>2023-12-12T04:03:21.624129500Z</date>
  <millis>1702353801624</millis>
  <nanos>129500</nanos>
  <sequence>90</sequence>
  <level>END</level>
  <class>com.kms.katalon.core.logging.XmlKeywordLogger</class>
  <method>endKeyword</method>
  <thread>1</thread>
  <message>End action : verifyElementText(findTestObject(&amp;quot;Object Repository/Forms Landing Page/Page_Forms for registrants and applicants -_29e31d/p_Please note, all responses are provided d_07a4da&amp;quot;), &amp;quot;Please note, all responses are provided during hours of operation, Monday to Friday, only.&amp;quot;)</message>
  <nestedLevel>1</nestedLevel>
  <escapedJava>false</escapedJava>
</record>
<record>
  <date>2023-12-12T04:03:21.624129500Z</date>
  <millis>1702353801624</millis>
  <nanos>129500</nanos>
  <sequence>91</sequence>
  <level>START</level>
  <class>com.kms.katalon.core.logging.XmlKeywordLogger</class>
  <method>startKeyword</method>
  <thread>1</thread>
  <message>Start action : verifyElementText(findTestObject(&amp;quot;Object Repository/Forms Landing Page/Page_Forms for registrants and applicants -_29e31d/caption_Available forms&amp;quot;), &amp;quot;Available forms&amp;quot;)</message>
  <nestedLevel>1</nestedLevel>
  <escapedJava>false</escapedJava>
  <property name="startLine">43</property>
  <property name="stepIndex">10</property>
</record>
<record>
  <date>2023-12-12T04:03:21.971990100Z</date>
  <millis>1702353801971</millis>
  <nanos>990100</nanos>
  <sequence>99</sequence>
  <level>PASSED</level>
  <class>com.kms.katalon.core.logging.XmlKeywordLogger</class>
  <method>logMessage</method>
  <thread>1</thread>
  <message>Actual text and expected text of test object &amp;apos;Object Repository/Forms Landing Page/Page_Forms for registrants and applicants -_29e31d/caption_Available forms&amp;apos; are matched.</message>
  <nestedLevel>1</nestedLevel>
  <escapedJava>false</escapedJava>
  <property name="testops-is-assertion">true</property>
  <property name="testops-method-name">com.kms.katalon.core.webui.keyword.builtin.VerifyElementTextKeyword.verifyElementText</property>
  <property name="testops-execution-stacktrace"></property>
</record>
<record>
  <date>2023-12-12T04:03:21.973086100Z</date>
  <millis>1702353801973</millis>
  <nanos>86100</nanos>
  <sequence>100</sequence>
  <level>END</level>
  <class>com.kms.katalon.core.logging.XmlKeywordLogger</class>
  <method>endKeyword</method>
  <thread>1</thread>
  <message>End action : verifyElementText(findTestObject(&amp;quot;Object Repository/Forms Landing Page/Page_Forms for registrants and applicants -_29e31d/caption_Available forms&amp;quot;), &amp;quot;Available forms&amp;quot;)</message>
  <nestedLevel>1</nestedLevel>
  <escapedJava>false</escapedJava>
</record>
<record>
  <date>2023-12-12T04:03:21.973086100Z</date>
  <millis>1702353801973</millis>
  <nanos>86100</nanos>
  <sequence>101</sequence>
  <level>START</level>
  <class>com.kms.katalon.core.logging.XmlKeywordLogger</class>
  <method>startKeyword</method>
  <thread>1</thread>
  <message>Start action : verifyElementText(findTestObject(&amp;quot;Object Repository/Forms Landing Page/Page_Forms for registrants and applicants -_29e31d/th_Form number&amp;quot;), &amp;quot;Form number&amp;quot;)</message>
  <nestedLevel>1</nestedLevel>
  <escapedJava>false</escapedJava>
  <property name="startLine">46</property>
  <property name="stepIndex">11</property>
</record>
<record>
  <date>2023-12-12T04:03:21.974029900Z</date>
  <millis>1702353801974</millis>
  <nanos>29900</nanos>
  <sequence>102</sequence>
  <level>NOT_RUN</level>
  <class>com.kms.katalon.core.logging.XmlKeywordLogger</class>
  <method>logMessage</method>
  <thread>1</thread>
  <message>NOT_RUN: verifyElementText(findTestObject(&amp;quot;Object Repository/Forms Landing Page/Page_Forms for registrants and applicants -_29e31d/th_Form number&amp;quot;), &amp;quot;Form number&amp;quot;)</message>
  <nestedLevel>1</nestedLevel>
  <escapedJava>false</escapedJava>
</record>
<record>
  <date>2023-12-12T04:03:21.976041100Z</date>
  <millis>1702353801976</millis>
  <nanos>41100</nanos>
  <sequence>103</sequence>
  <level>END</level>
  <class>com.kms.katalon.core.logging.XmlKeywordLogger</class>
  <method>endKeyword</method>
  <thread>1</thread>
  <message>End action : verifyElementText(findTestObject(&amp;quot;Object Repository/Forms Landing Page/Page_Forms for registrants and applicants -_29e31d/th_Form number&amp;quot;), &amp;quot;Form number&amp;quot;)</message>
  <nestedLevel>1</nestedLevel>
  <escapedJava>false</escapedJava>
</record>
<record>
  <date>2023-12-12T04:03:21.976041100Z</date>
  <millis>1702353801976</millis>
  <nanos>41100</nanos>
  <sequence>104</sequence>
  <level>START</level>
  <class>com.kms.katalon.core.logging.XmlKeywordLogger</class>
  <method>startKeyword</method>
  <thread>1</thread>
  <message>Start action : verifyElementText(findTestObject(&amp;quot;Object Repository/Forms Landing Page/Page_Forms for registrants and applicants -_29e31d/th_Format&amp;quot;), &amp;quot;Format&amp;quot;)</message>
  <nestedLevel>1</nestedLevel>
  <escapedJava>false</escapedJava>
  <property name="startLine">49</property>
  <property name="stepIndex">12</property>
</record>
<record>
  <date>2023-12-12T04:03:21.978018800Z</date>
  <millis>1702353801978</millis>
  <nanos>18800</nanos>
  <sequence>105</sequence>
  <level>NOT_RUN</level>
  <class>com.kms.katalon.core.logging.XmlKeywordLogger</class>
  <method>logMessage</method>
  <thread>1</thread>
  <message>NOT_RUN: verifyElementText(findTestObject(&amp;quot;Object Repository/Forms Landing Page/Page_Forms for registrants and applicants -_29e31d/th_Format&amp;quot;), &amp;quot;Format&amp;quot;)</message>
  <nestedLevel>1</nestedLevel>
  <escapedJava>false</escapedJava>
</record>
<record>
  <date>2023-12-12T04:03:21.980022200Z</date>
  <millis>1702353801980</millis>
  <nanos>22200</nanos>
  <sequence>106</sequence>
  <level>END</level>
  <class>com.kms.katalon.core.logging.XmlKeywordLogger</class>
  <method>endKeyword</method>
  <thread>1</thread>
  <message>End action : verifyElementText(findTestObject(&amp;quot;Object Repository/Forms Landing Page/Page_Forms for registrants and applicants -_29e31d/th_Format&amp;quot;), &amp;quot;Format&amp;quot;)</message>
  <nestedLevel>1</nestedLevel>
  <escapedJava>false</escapedJava>
</record>
<record>
  <date>2023-12-12T04:03:21.980022200Z</date>
  <millis>1702353801980</millis>
  <nanos>22200</nanos>
  <sequence>107</sequence>
  <level>START</level>
  <class>com.kms.katalon.core.logging.XmlKeywordLogger</class>
  <method>startKeyword</method>
  <thread>1</thread>
  <message>Start action : verifyElementText(findTestObject(&amp;quot;Object Repository/Forms Landing Page/Page_Forms for registrants and applicants -_29e31d/th_Name&amp;quot;), &amp;quot;Name&amp;quot;)</message>
  <nestedLevel>1</nestedLevel>
  <escapedJava>false</escapedJava>
  <property name="startLine">52</property>
  <property name="stepIndex">13</property>
</record>
<record>
  <date>2023-12-12T04:03:21.981028900Z</date>
  <millis>1702353801981</millis>
  <nanos>28900</nanos>
  <sequence>108</sequence>
  <level>NOT_RUN</level>
  <class>com.kms.katalon.core.logging.XmlKeywordLogger</class>
  <method>logMessage</method>
  <thread>1</thread>
  <message>NOT_RUN: verifyElementText(findTestObject(&amp;quot;Object Repository/Forms Landing Page/Page_Forms for registrants and applicants -_29e31d/th_Name&amp;quot;), &amp;quot;Name&amp;quot;)</message>
  <nestedLevel>1</nestedLevel>
  <escapedJava>false</escapedJava>
</record>
<record>
  <date>2023-12-12T04:03:21.982398900Z</date>
  <millis>1702353801982</millis>
  <nanos>398900</nanos>
  <sequence>109</sequence>
  <level>END</level>
  <class>com.kms.katalon.core.logging.XmlKeywordLogger</class>
  <method>endKeyword</method>
  <thread>1</thread>
  <message>End action : verifyElementText(findTestObject(&amp;quot;Object Repository/Forms Landing Page/Page_Forms for registrants and applicants -_29e31d/th_Name&amp;quot;), &amp;quot;Name&amp;quot;)</message>
  <nestedLevel>1</nestedLevel>
  <escapedJava>false</escapedJava>
</record>
<record>
  <date>2023-12-12T04:03:21.982988800Z</date>
  <millis>1702353801982</millis>
  <nanos>988800</nanos>
  <sequence>110</sequence>
  <level>START</level>
  <class>com.kms.katalon.core.logging.XmlKeywordLogger</class>
  <method>startKeyword</method>
  <thread>1</thread>
  <message>Start action : verifyElementText(findTestObject(&amp;quot;Object Repository/Forms Landing Page/Page_Forms for registrants and applicants -_29e31d/th_Last Modified&amp;quot;), &amp;quot;Last Modified&amp;quot;)</message>
  <nestedLevel>1</nestedLevel>
  <escapedJava>false</escapedJava>
  <property name="startLine">55</property>
  <property name="stepIndex">14</property>
</record>
<record>
  <date>2023-12-12T04:03:21.983997600Z</date>
  <millis>1702353801983</millis>
  <nanos>997600</nanos>
  <sequence>111</sequence>
  <level>NOT_RUN</level>
  <class>com.kms.katalon.core.logging.XmlKeywordLogger</class>
  <method>logMessage</method>
  <thread>1</thread>
  <message>NOT_RUN: verifyElementText(findTestObject(&amp;quot;Object Repository/Forms Landing Page/Page_Forms for registrants and applicants -_29e31d/th_Last Modified&amp;quot;), &amp;quot;Last Modified&amp;quot;)</message>
  <nestedLevel>1</nestedLevel>
  <escapedJava>false</escapedJava>
</record>
<record>
  <date>2023-12-12T04:03:21.985264100Z</date>
  <millis>1702353801985</millis>
  <nanos>264100</nanos>
  <sequence>112</sequence>
  <level>END</level>
  <class>com.kms.katalon.core.logging.XmlKeywordLogger</class>
  <method>endKeyword</method>
  <thread>1</thread>
  <message>End action : verifyElementText(findTestObject(&amp;quot;Object Repository/Forms Landing Page/Page_Forms for registrants and applicants -_29e31d/th_Last Modified&amp;quot;), &amp;quot;Last Modified&amp;quot;)</message>
  <nestedLevel>1</nestedLevel>
  <escapedJava>false</escapedJava>
</record>
<record>
  <date>2023-12-12T04:03:21.985822600Z</date>
  <millis>1702353801985</millis>
  <nanos>822600</nanos>
  <sequence>113</sequence>
  <level>START</level>
  <class>com.kms.katalon.core.logging.XmlKeywordLogger</class>
  <method>startKeyword</method>
  <thread>1</thread>
  <message>Start action : verifyElementText(findTestObject(&amp;quot;Object Repository/Forms Landing Page/Page_Forms for registrants and applicants -_29e31d/h2_Support&amp;quot;), &amp;quot;Support&amp;quot;)</message>
  <nestedLevel>1</nestedLevel>
  <escapedJava>false</escapedJava>
  <property name="startLine">58</property>
  <property name="stepIndex">15</property>
</record>
<record>
  <date>2023-12-12T04:03:21.986868900Z</date>
  <millis>1702353801986</millis>
  <nanos>868900</nanos>
  <sequence>114</sequence>
  <level>NOT_RUN</level>
  <class>com.kms.katalon.core.logging.XmlKeywordLogger</class>
  <method>logMessage</method>
  <thread>1</thread>
  <message>NOT_RUN: verifyElementText(findTestObject(&amp;quot;Object Repository/Forms Landing Page/Page_Forms for registrants and applicants -_29e31d/h2_Support&amp;quot;), &amp;quot;Support&amp;quot;)</message>
  <nestedLevel>1</nestedLevel>
  <escapedJava>false</escapedJava>
</record>
<record>
  <date>2023-12-12T04:03:21.986868900Z</date>
  <millis>1702353801986</millis>
  <nanos>868900</nanos>
  <sequence>115</sequence>
  <level>END</level>
  <class>com.kms.katalon.core.logging.XmlKeywordLogger</class>
  <method>endKeyword</method>
  <thread>1</thread>
  <message>End action : verifyElementText(findTestObject(&amp;quot;Object Repository/Forms Landing Page/Page_Forms for registrants and applicants -_29e31d/h2_Support&amp;quot;), &amp;quot;Support&amp;quot;)</message>
  <nestedLevel>1</nestedLevel>
  <escapedJava>false</escapedJava>
</record>
<record>
  <date>2023-12-12T04:03:21.987904700Z</date>
  <millis>1702353801987</millis>
  <nanos>904700</nanos>
  <sequence>116</sequence>
  <level>START</level>
  <class>com.kms.katalon.core.logging.XmlKeywordLogger</class>
  <method>startKeyword</method>
  <thread>1</thread>
  <message>Start action : verifyElementText(findTestObject(&amp;quot;Object Repository/Forms Landing Page/Page_Forms for registrants and applicants -_29e31d/p_If you have any questions on the forms, p_5a2f3e&amp;quot;), &amp;quot;If you have any questions on the forms, please contact the Pest Management Regulatory Agency Information Service&amp;quot;)</message>
  <nestedLevel>1</nestedLevel>
  <escapedJava>false</escapedJava>
  <property name="startLine">61</property>
  <property name="stepIndex">16</property>
</record>
<record>
  <date>2023-12-12T04:03:21.988899600Z</date>
  <millis>1702353801988</millis>
  <nanos>899600</nanos>
  <sequence>117</sequence>
  <level>NOT_RUN</level>
  <class>com.kms.katalon.core.logging.XmlKeywordLogger</class>
  <method>logMessage</method>
  <thread>1</thread>
  <message>NOT_RUN: verifyElementText(findTestObject(&amp;quot;Object Repository/Forms Landing Page/Page_Forms for registrants and applicants -_29e31d/p_If you have any questions on the forms, p_5a2f3e&amp;quot;), &amp;quot;If you have any questions on the forms, please contact the Pest Management Regulatory Agency Information Service&amp;quot;)</message>
  <nestedLevel>1</nestedLevel>
  <escapedJava>false</escapedJava>
</record>
<record>
  <date>2023-12-12T04:03:21.988899600Z</date>
  <millis>1702353801988</millis>
  <nanos>899600</nanos>
  <sequence>118</sequence>
  <level>END</level>
  <class>com.kms.katalon.core.logging.XmlKeywordLogger</class>
  <method>endKeyword</method>
  <thread>1</thread>
  <message>End action : verifyElementText(findTestObject(&amp;quot;Object Repository/Forms Landing Page/Page_Forms for registrants and applicants -_29e31d/p_If you have any questions on the forms, p_5a2f3e&amp;quot;), &amp;quot;If you have any questions on the forms, please contact the Pest Management Regulatory Agency Information Service&amp;quot;)</message>
  <nestedLevel>1</nestedLevel>
  <escapedJava>false</escapedJava>
</record>
<record>
  <date>2023-12-12T04:03:21.989939800Z</date>
  <millis>1702353801989</millis>
  <nanos>939800</nanos>
  <sequence>119</sequence>
  <level>START</level>
  <class>com.kms.katalon.core.logging.XmlKeywordLogger</class>
  <method>startKeyword</method>
  <thread>1</thread>
  <message>Start action : rightClick(findTestObject(&amp;quot;Object Repository/Forms Landing Page/Page_Forms for registrants and applicants -_29e31d/a_Pest Management Regulatory Agency Informa_37e21b&amp;quot;))</message>
  <nestedLevel>1</nestedLevel>
  <escapedJava>false</escapedJava>
  <property name="startLine">64</property>
  <property name="stepIndex">17</property>
</record>
<record>
  <date>2023-12-12T04:03:21.989939800Z</date>
  <millis>1702353801989</millis>
  <nanos>939800</nanos>
  <sequence>120</sequence>
  <level>NOT_RUN</level>
  <class>com.kms.katalon.core.logging.XmlKeywordLogger</class>
  <method>logMessage</method>
  <thread>1</thread>
  <message>NOT_RUN: rightClick(findTestObject(&amp;quot;Object Repository/Forms Landing Page/Page_Forms for registrants and applicants -_29e31d/a_Pest Management Regulatory Agency Informa_37e21b&amp;quot;))</message>
  <nestedLevel>1</nestedLevel>
  <escapedJava>false</escapedJava>
</record>
<record>
  <date>2023-12-12T04:03:21.993902200Z</date>
  <millis>1702353801993</millis>
  <nanos>902200</nanos>
  <sequence>121</sequence>
  <level>END</level>
  <class>com.kms.katalon.core.logging.XmlKeywordLogger</class>
  <method>endKeyword</method>
  <thread>1</thread>
  <message>End action : rightClick(findTestObject(&amp;quot;Object Repository/Forms Landing Page/Page_Forms for registrants and applicants -_29e31d/a_Pest Management Regulatory Agency Informa_37e21b&amp;quot;))</message>
  <nestedLevel>1</nestedLevel>
  <escapedJava>false</escapedJava>
</record>
<record>
  <date>2023-12-12T04:03:21.993902200Z</date>
  <millis>1702353801993</millis>
  <nanos>902200</nanos>
  <sequence>122</sequence>
  <level>START</level>
  <class>com.kms.katalon.core.logging.XmlKeywordLogger</class>
  <method>startKeyword</method>
  <thread>1</thread>
  <message>Start action : verifyElementClickable(findTestObject(&amp;quot;Object Repository/Forms Landing Page/Page_Forms for registrants and applicants -_29e31d/a_Pest Management Regulatory Agency Informa_37e21b&amp;quot;))</message>
  <nestedLevel>1</nestedLevel>
  <escapedJava>false</escapedJava>
  <property name="startLine">66</property>
  <property name="stepIndex">18</property>
</record>
<record>
  <date>2023-12-12T04:03:21.994934600Z</date>
  <millis>1702353801994</millis>
  <nanos>934600</nanos>
  <sequence>123</sequence>
  <level>NOT_RUN</level>
  <class>com.kms.katalon.core.logging.XmlKeywordLogger</class>
  <method>logMessage</method>
  <thread>1</thread>
  <message>NOT_RUN: verifyElementClickable(findTestObject(&amp;quot;Object Repository/Forms Landing Page/Page_Forms for registrants and applicants -_29e31d/a_Pest Management Regulatory Agency Informa_37e21b&amp;quot;))</message>
  <nestedLevel>1</nestedLevel>
  <escapedJava>false</escapedJava>
</record>
<record>
  <date>2023-12-12T04:03:21.994934600Z</date>
  <millis>1702353801994</millis>
  <nanos>934600</nanos>
  <sequence>124</sequence>
  <level>END</level>
  <class>com.kms.katalon.core.logging.XmlKeywordLogger</class>
  <method>endKeyword</method>
  <thread>1</thread>
  <message>End action : verifyElementClickable(findTestObject(&amp;quot;Object Repository/Forms Landing Page/Page_Forms for registrants and applicants -_29e31d/a_Pest Management Regulatory Agency Informa_37e21b&amp;quot;))</message>
  <nestedLevel>1</nestedLevel>
  <escapedJava>false</escapedJava>
</record>
<record>
  <date>2023-12-12T04:03:21.995941900Z</date>
  <millis>1702353801995</millis>
  <nanos>941900</nanos>
  <sequence>125</sequence>
  <level>START</level>
  <class>com.kms.katalon.core.logging.XmlKeywordLogger</class>
  <method>startKeyword</method>
  <thread>1</thread>
  <message>Start action : click(findTestObject(&amp;quot;Object Repository/Forms Landing Page/Page_Forms for registrants and applicants -_29e31d/body_Language selectionFranaisfrWarningSwit_464108&amp;quot;))</message>
  <nestedLevel>1</nestedLevel>
  <escapedJava>false</escapedJava>
  <property name="startLine">68</property>
  <property name="stepIndex">19</property>
</record>
<record>
  <date>2023-12-12T04:03:21.995941900Z</date>
  <millis>1702353801995</millis>
  <nanos>941900</nanos>
  <sequence>126</sequence>
  <level>NOT_RUN</level>
  <class>com.kms.katalon.core.logging.XmlKeywordLogger</class>
  <method>logMessage</method>
  <thread>1</thread>
  <message>NOT_RUN: click(findTestObject(&amp;quot;Object Repository/Forms Landing Page/Page_Forms for registrants and applicants -_29e31d/body_Language selectionFranaisfrWarningSwit_464108&amp;quot;))</message>
  <nestedLevel>1</nestedLevel>
  <escapedJava>false</escapedJava>
</record>
<record>
  <date>2023-12-12T04:03:21.996938300Z</date>
  <millis>1702353801996</millis>
  <nanos>938300</nanos>
  <sequence>127</sequence>
  <level>END</level>
  <class>com.kms.katalon.core.logging.XmlKeywordLogger</class>
  <method>endKeyword</method>
  <thread>1</thread>
  <message>End action : click(findTestObject(&amp;quot;Object Repository/Forms Landing Page/Page_Forms for registrants and applicants -_29e31d/body_Language selectionFranaisfrWarningSwit_464108&amp;quot;))</message>
  <nestedLevel>1</nestedLevel>
  <escapedJava>false</escapedJava>
</record>
<record>
  <date>2023-12-12T04:03:21.996938300Z</date>
  <millis>1702353801996</millis>
  <nanos>938300</nanos>
  <sequence>128</sequence>
  <level>START</level>
  <class>com.kms.katalon.core.logging.XmlKeywordLogger</class>
  <method>startKeyword</method>
  <thread>1</thread>
  <message>Start action : closeBrowser()</message>
  <nestedLevel>1</nestedLevel>
  <escapedJava>false</escapedJava>
  <property name="startLine">70</property>
  <property name="stepIndex">20</property>
</record>
<record>
  <date>2023-12-12T04:03:22.356224700Z</date>
  <millis>1702353802356</millis>
  <nanos>224700</nanos>
  <sequence>130</sequence>
  <level>PASSED</level>
  <class>com.kms.katalon.core.logging.XmlKeywordLogger</class>
  <method>logMessage</method>
  <thread>1</thread>
  <message>Browser is closed</message>
  <nestedLevel>1</nestedLevel>
  <escapedJava>false</escapedJava>
  <property name="testops-method-name">com.kms.katalon.core.webui.keyword.builtin.CloseBrowserKeyword.closeBrowser</property>
  <property name="testops-execution-stacktrace"></property>
</record>
<record>
  <date>2023-12-12T04:03:22.357235400Z</date>
  <millis>1702353802357</millis>
  <nanos>235400</nanos>
  <sequence>131</sequence>
  <level>END</level>
  <class>com.kms.katalon.core.logging.XmlKeywordLogger</class>
  <method>endKeyword</method>
  <thread>1</thread>
  <message>End action : closeBrowser()</message>
  <nestedLevel>1</nestedLevel>
  <escapedJava>false</escapedJava>
</record>
<record>
  <date>2023-12-12T04:03:22.357235400Z</date>
  <millis>1702353802357</millis>
  <nanos>235400</nanos>
  <sequence>132</sequence>
  <level>PASSED</level>
  <class>com.kms.katalon.core.logging.XmlKeywordLogger</class>
  <method>logMessage</method>
  <thread>1</thread>
  <message>Test Cases/Forms Landing Page</message>
  <nestedLevel>1</nestedLevel>
  <escapedJava>false</escapedJava>
</record>
<record>
  <date>2023-12-12T04:03:22.358171300Z</date>
  <millis>1702353802358</millis>
  <nanos>171300</nanos>
  <sequence>133</sequence>
  <level>START</level>
  <class>com.kms.katalon.core.logging.XmlKeywordLogger</class>
  <method>startKeyword</method>
  <thread>1</thread>
  <message>Start listener action : sampleAfterTestCase</message>
  <nestedLevel>1</nestedLevel>
  <escapedJava>false</escapedJava>
</record>
<record>
  <date>2023-12-12T04:03:22.363862600Z</date>
  <millis>1702353802363</millis>
  <nanos>862600</nanos>
  <sequence>136</sequence>
  <level>END</level>
  <class>com.kms.katalon.core.logging.XmlKeywordLogger</class>
  <method>endKeyword</method>
  <thread>1</thread>
  <message>End listener action : sampleAfterTestCase</message>
  <nestedLevel>1</nestedLevel>
  <escapedJava>false</escapedJava>
</record>
<record>
  <date>2023-12-12T04:03:22.364915200Z</date>
  <millis>1702353802364</millis>
  <nanos>915200</nanos>
  <sequence>137</sequence>
  <level>END</level>
  <class>com.kms.katalon.core.logging.XmlKeywordLogger</class>
  <method>endTest</method>
  <thread>1</thread>
  <message>End Test Case : Test Cases/Forms Landing Page</message>
  <nestedLevel>0</nestedLevel>
  <escapedJava>false</escapedJava>
  <property name="executionBindingVariables">[]</property>
  <property name="applitools">false</property>
  <property name="remainingRetryCount">3</property>
  <property name="currentRetryCount">0</property>
  <property name="keywordsUsage">{
  &quot;web_ui&quot;: true,
  &quot;web_service&quot;: false,
  &quot;cucumber&quot;: false,
  &quot;builtin&quot;: false,
  &quot;mobile&quot;: false,
  &quot;windows&quot;: false,
  &quot;testng&quot;: false
}</property>
</record>
<record>
  <date>2023-12-12T04:03:22.366927900Z</date>
  <millis>1702353802366</millis>
  <nanos>927900</nanos>
  <sequence>138</sequence>
  <level>START</level>
  <class>com.kms.katalon.core.logging.XmlKeywordLogger</class>
  <method>startKeyword</method>
  <thread>1</thread>
  <message>Start listener action : sampleAfterTestSuite</message>
  <nestedLevel>0</nestedLevel>
  <escapedJava>false</escapedJava>
</record>
<record>
  <date>2023-12-12T04:03:22.370074400Z</date>
  <millis>1702353802370</millis>
  <nanos>74400</nanos>
  <sequence>141</sequence>
  <level>END</level>
  <class>com.kms.katalon.core.logging.XmlKeywordLogger</class>
  <method>endKeyword</method>
  <thread>1</thread>
  <message>End listener action : sampleAfterTestSuite</message>
  <nestedLevel>0</nestedLevel>
  <escapedJava>false</escapedJava>
</record>
<record>
  <date>2023-12-12T04:03:22.370074400Z</date>
  <millis>1702353802370</millis>
  <nanos>74400</nanos>
  <sequence>142</sequence>
  <level>START</level>
  <class>com.kms.katalon.core.logging.XmlKeywordLogger</class>
  <method>startKeyword</method>
  <thread>1</thread>
  <message>Start listener action : exportKatalonReports</message>
  <nestedLevel>0</nestedLevel>
  <escapedJava>false</escapedJava>
</record>
<record>
  <date>2023-12-12T04:03:22.587087700Z</date>
  <millis>1702353802587</millis>
  <nanos>87700</nanos>
  <sequence>306</sequence>
  <level>INFO</level>
  <class>com.kms.katalon.core.logging.XmlKeywordLogger</class>
  <method>logMessage</method>
  <thread>1</thread>
  <message>Start generating HTML report folder at: C:\Users\hcuser\git\IP629-Katalon-regression\Reports\20231211_230305\Regression\20231211_230305...</message>
  <nestedLevel>0</nestedLevel>
  <escapedJava>false</escapedJava>
</record>
<record>
  <date>2023-12-12T04:03:22.632759200Z</date>
  <millis>1702353802632</millis>
  <nanos>759200</nanos>
  <sequence>307</sequence>
  <level>INFO</level>
  <class>com.kms.katalon.core.logging.XmlKeywordLogger</class>
  <method>logMessage</method>
  <thread>1</thread>
  <message>HTML report generated</message>
  <nestedLevel>0</nestedLevel>
  <escapedJava>false</escapedJava>
</record>
<record>
  <date>2023-12-12T04:03:22.634369800Z</date>
  <millis>1702353802634</millis>
  <nanos>369800</nanos>
  <sequence>308</sequence>
  <level>INFO</level>
  <class>com.kms.katalon.core.logging.XmlKeywordLogger</class>
  <method>logMessage</method>
  <thread>1</thread>
  <message>Start generating CSV report folder at: C:\Users\hcuser\git\IP629-Katalon-regression\Reports\20231211_230305\Regression\20231211_230305...</message>
  <nestedLevel>0</nestedLevel>
  <escapedJava>false</escapedJava>
</record>
<record>
  <date>2023-12-12T04:03:22.669077400Z</date>
  <millis>1702353802669</millis>
  <nanos>77400</nanos>
  <sequence>309</sequence>
  <level>INFO</level>
  <class>com.kms.katalon.core.logging.XmlKeywordLogger</class>
  <method>logMessage</method>
  <thread>1</thread>
  <message>CSV report generated</message>
  <nestedLevel>0</nestedLevel>
  <escapedJava>false</escapedJava>
</record>
<record>
  <date>2023-12-12T04:03:22.693046800Z</date>
  <millis>1702353802693</millis>
  <nanos>46800</nanos>
  <sequence>311</sequence>
  <level>END</level>
  <class>com.kms.katalon.core.logging.XmlKeywordLogger</class>
  <method>endKeyword</method>
  <thread>1</thread>
  <message>End listener action : exportKatalonReports</message>
  <nestedLevel>0</nestedLevel>
  <escapedJava>false</escapedJava>
</record>
<record>
  <date>2023-12-12T04:03:22.724197600Z</date>
  <millis>1702353802724</millis>
  <nanos>197600</nanos>
  <sequence>312</sequence>
  <level>END</level>
  <class>com.kms.katalon.core.logging.XmlKeywordLogger</class>
  <method>endSuite</method>
  <thread>1</thread>
  <message>End Test Suite : Test Suites/Regression</message>
  <nestedLevel>0</nestedLevel>
  <escapedJava>false</escapedJava>
</record>
</log>
